This file contains any messages produced by compilers while
running configure, to aid debugging if configure makes a mistake.

It was created by libinifile configure 0.5.5, which was
generated by GNU Autoconf 2.63.  Invocation command line was

  $ ./configure 

## --------- ##
## Platform. ##
## --------- ##

hostname = txgcwm
uname -m = i686
uname -r = 2.6.35-32-generic
uname -s = Linux
uname -v = #68-Ubuntu SMP Tue Mar 27 17:01:54 UTC 2012

/usr/bin/uname -p = unknown
/bin/uname -X     = unknown

/bin/arch              = unknown
/usr/bin/arch -k       = unknown
/usr/convex/getsysinfo = unknown
/usr/bin/hostinfo      = unknown
/bin/machine           = unknown
/usr/bin/oslevel       = unknown
/bin/universe          = unknown

PATH: /usr/local/sbin
PATH: /usr/local/bin
PATH: /usr/sbin
PATH: /usr/bin
PATH: /sbin
PATH: /bin
PATH: /usr/games
PATH: /srv/android-sdk-linux/tools
PATH: /srv/android-sdk-linux/platform-tools
PATH: /opt/EmbedSky/4.3.3/bin


## ----------- ##
## Core tests. ##
## ----------- ##

configure:2096: checking for a BSD-compatible install
configure:2164: result: /usr/bin/install -c
configure:2175: checking whether build environment is sane
configure:2218: result: yes
configure:2243: checking for a thread-safe mkdir -p
configure:2282: result: /bin/mkdir -p
configure:2295: checking for gawk
configure:2311: found /usr/bin/gawk
configure:2322: result: gawk
configure:2333: checking whether make sets $(MAKE)
configure:2355: result: yes
configure:2560: checking for a BSD-compatible install
configure:2628: result: /usr/bin/install -c
configure:2682: checking for ranlib
configure:2698: found /usr/bin/ranlib
configure:2709: result: ranlib
configure:2762: checking build system type
configure:2780: result: i686-pc-linux-gnu
configure:2802: checking host system type
configure:2817: result: i686-pc-linux-gnu
configure:2851: checking for style of include used by make
configure:2879: result: GNU
configure:2949: checking for gcc
configure:2965: found /usr/bin/gcc
configure:2976: result: gcc
configure:3208: checking for C compiler version
configure:3216: gcc --version >&5
gcc (Ubuntu/Linaro 4.4.4-14ubuntu5.1) 4.4.5
Copyright (C) 2010 Free Software Foundation, Inc.
This is free software; see the source for copying conditions.  There is NO
warranty; not even for MERCHANTABILITY or FITNESS FOR A PARTICULAR PURPOSE.

configure:3220: $? = 0
configure:3227: gcc -v >&5
Using built-in specs.
Target: i686-linux-gnu
Configured with: ../src/configure -v --with-pkgversion='Ubuntu/Linaro 4.4.4-14ubuntu5.1' --with-bugurl=file:///usr/share/doc/gcc-4.4/README.Bugs --enable-languages=c,c++,fortran,objc,obj-c++ --prefix=/usr --program-suffix=-4.4 --enable-shared --enable-multiarch --enable-linker-build-id --with-system-zlib --libexecdir=/usr/lib --without-included-gettext --enable-threads=posix --with-gxx-include-dir=/usr/include/c++/4.4 --libdir=/usr/lib --enable-nls --with-sysroot=/ --enable-clocale=gnu --enable-libstdcxx-debug --enable-objc-gc --enable-targets=all --disable-werror --with-arch-32=i686 --with-tune=generic --enable-checking=release --build=i686-linux-gnu --host=i686-linux-gnu --target=i686-linux-gnu
Thread model: posix
gcc version 4.4.5 (Ubuntu/Linaro 4.4.4-14ubuntu5.1) 
configure:3231: $? = 0
configure:3238: gcc -V >&5
gcc: '-V' option must have argument
configure:3242: $? = 1
configure:3265: checking for C compiler default output file name
configure:3287: gcc    conftest.c  >&5
configure:3291: $? = 0
configure:3329: result: a.out
configure:3348: checking whether the C compiler works
configure:3358: ./a.out
configure:3362: $? = 0
configure:3381: result: yes
configure:3388: checking whether we are cross compiling
configure:3390: result: no
configure:3393: checking for suffix of executables
configure:3400: gcc -o conftest    conftest.c  >&5
configure:3404: $? = 0
configure:3430: result: 
configure:3436: checking for suffix of object files
configure:3462: gcc -c   conftest.c >&5
configure:3466: $? = 0
configure:3491: result: o
configure:3495: checking whether we are using the GNU C compiler
configure:3524: gcc -c   conftest.c >&5
configure:3531: $? = 0
configure:3548: result: yes
configure:3557: checking whether gcc accepts -g
configure:3587: gcc -c -g  conftest.c >&5
configure:3594: $? = 0
configure:3695: result: yes
configure:3712: checking for gcc option to accept ISO C89
configure:3786: gcc  -c -g -O2  conftest.c >&5
configure:3793: $? = 0
configure:3816: result: none needed
configure:3836: checking dependency style of gcc
configure:3927: result: gcc3
configure:3942: checking for a sed that does not truncate output
configure:4008: result: /bin/sed
configure:4026: checking for grep that handles long lines and -e
configure:4086: result: /bin/grep
configure:4091: checking for egrep
configure:4155: result: /bin/grep -E
configure:4160: checking for fgrep
configure:4224: result: /bin/grep -F
configure:4259: checking for ld used by gcc
configure:4326: result: /usr/bin/ld
configure:4335: checking if the linker (/usr/bin/ld) is GNU ld
configure:4350: result: yes
configure:4362: checking for BSD- or MS-compatible name lister (nm)
configure:4411: result: /usr/bin/nm -B
configure:4529: checking the name lister (/usr/bin/nm -B) interface
configure:4536: gcc -c -g -O2  conftest.c >&5
configure:4539: /usr/bin/nm -B "conftest.o"
configure:4542: output
00000000 B some_variable
configure:4549: result: BSD nm
configure:4552: checking whether ln -s works
configure:4556: result: yes
configure:4564: checking the maximum length of command line arguments
configure:4684: result: 1572864
configure:4701: checking whether the shell understands some XSI constructs
configure:4711: result: yes
configure:4715: checking whether the shell understands "+="
configure:4721: result: yes
configure:4756: checking for /usr/bin/ld option to reload object files
configure:4763: result: -r
configure:4832: checking for objdump
configure:4848: found /usr/bin/objdump
configure:4859: result: objdump
configure:4891: checking how to recognize dependent libraries
configure:5087: result: pass_all
configure:5147: checking for ar
configure:5163: found /usr/bin/ar
configure:5174: result: ar
configure:5252: checking for strip
configure:5268: found /usr/bin/strip
configure:5279: result: strip
configure:5351: checking for ranlib
configure:5378: result: ranlib
configure:5468: checking command to parse /usr/bin/nm -B output from gcc object
configure:5586: gcc -c -g -O2  conftest.c >&5
configure:5589: $? = 0
configure:5593: /usr/bin/nm -B conftest.o \| sed -n -e 's/^.*[	 ]\([ABCDGIRSTW][ABCDGIRSTW]*\)[	 ][	 ]*\([_A-Za-z][_A-Za-z0-9]*\)$/\1 \2 \2/p' \> conftest.nm
configure:5596: $? = 0
configure:5650: gcc -o conftest -g -O2   conftest.c conftstm.o >&5
configure:5653: $? = 0
configure:5691: result: ok
configure:6558: checking how to run the C preprocessor
configure:6598: gcc -E  conftest.c
configure:6605: $? = 0
configure:6636: gcc -E  conftest.c
conftest.c:10: fatal error: ac_nonexistent.h: No such file or directory
compilation terminated.
configure:6643: $? = 1
configure: failed program was:
| /* confdefs.h.  */
| #define PACKAGE_NAME "libinifile"
| #define PACKAGE_TARNAME "libinifile"
| #define PACKAGE_VERSION "0.5.5"
| #define PACKAGE_STRING "libinifile 0.5.5"
| #define PACKAGE_BUGREPORT "Anders Lövgren <lespaul@algonet.se>"
| #define PACKAGE "libinifile"
| #define VERSION "0.5.5"
| /* end confdefs.h.  */
| #include <ac_nonexistent.h>
configure:6676: result: gcc -E
configure:6705: gcc -E  conftest.c
configure:6712: $? = 0
configure:6743: gcc -E  conftest.c
conftest.c:10: fatal error: ac_nonexistent.h: No such file or directory
compilation terminated.
configure:6750: $? = 1
configure: failed program was:
| /* confdefs.h.  */
| #define PACKAGE_NAME "libinifile"
| #define PACKAGE_TARNAME "libinifile"
| #define PACKAGE_VERSION "0.5.5"
| #define PACKAGE_STRING "libinifile 0.5.5"
| #define PACKAGE_BUGREPORT "Anders Lövgren <lespaul@algonet.se>"
| #define PACKAGE "libinifile"
| #define VERSION "0.5.5"
| /* end confdefs.h.  */
| #include <ac_nonexistent.h>
configure:6790: checking for ANSI C header files
configure:6820: gcc -c -g -O2  conftest.c >&5
configure:6827: $? = 0
configure:6926: gcc -o conftest -g -O2   conftest.c  >&5
configure:6930: $? = 0
configure:6936: ./conftest
configure:6940: $? = 0
configure:6958: result: yes
configure:6982: checking for sys/types.h
configure:7003: gcc -c -g -O2  conftest.c >&5
configure:7010: $? = 0
configure:7027: result: yes
configure:6982: checking for sys/stat.h
configure:7003: gcc -c -g -O2  conftest.c >&5
configure:7010: $? = 0
configure:7027: result: yes
configure:6982: checking for stdlib.h
configure:7003: gcc -c -g -O2  conftest.c >&5
configure:7010: $? = 0
configure:7027: result: yes
configure:6982: checking for string.h
configure:7003: gcc -c -g -O2  conftest.c >&5
configure:7010: $? = 0
configure:7027: result: yes
configure:6982: checking for memory.h
configure:7003: gcc -c -g -O2  conftest.c >&5
configure:7010: $? = 0
configure:7027: result: yes
configure:6982: checking for strings.h
configure:7003: gcc -c -g -O2  conftest.c >&5
configure:7010: $? = 0
configure:7027: result: yes
configure:6982: checking for inttypes.h
configure:7003: gcc -c -g -O2  conftest.c >&5
configure:7010: $? = 0
configure:7027: result: yes
configure:6982: checking for stdint.h
configure:7003: gcc -c -g -O2  conftest.c >&5
configure:7010: $? = 0
configure:7027: result: yes
configure:6982: checking for unistd.h
configure:7003: gcc -c -g -O2  conftest.c >&5
configure:7010: $? = 0
configure:7027: result: yes
configure:7045: checking for dlfcn.h
configure:7066: gcc -c -g -O2  conftest.c >&5
configure:7073: $? = 0
configure:7090: result: yes
configure:7276: checking for objdir
configure:7291: result: .libs
configure:7583: checking if gcc supports -fno-rtti -fno-exceptions
configure:7601: gcc -c -g -O2  -fno-rtti -fno-exceptions conftest.c >&5
cc1: warning: command line option "-fno-rtti" is valid for C++/ObjC++ but not for C
configure:7605: $? = 0
configure:7618: result: no
configure:7638: checking for gcc option to produce PIC
configure:7910: result: -fPIC -DPIC
configure:7922: checking if gcc PIC flag -fPIC -DPIC works
configure:7940: gcc -c -g -O2  -fPIC -DPIC -DPIC conftest.c >&5
configure:7944: $? = 0
configure:7957: result: yes
configure:7981: checking if gcc static flag -static works
configure:8009: result: yes
configure:8024: checking if gcc supports -c -o file.o
configure:8045: gcc -c -g -O2  -o out/conftest2.o conftest.c >&5
configure:8049: $? = 0
configure:8071: result: yes
configure:8079: checking if gcc supports -c -o file.o
configure:8126: result: yes
configure:8159: checking whether the gcc linker (/usr/bin/ld) supports shared libraries
configure:9233: result: yes
configure:9270: checking whether -lc should be explicitly linked in
configure:9275: gcc -c -g -O2  conftest.c >&5
configure:9278: $? = 0
configure:9293: gcc -shared conftest.o  -v -Wl,-soname -Wl,conftest -o conftest 2\>\&1 \| /bin/grep  -lc  \>/dev/null 2\>\&1
configure:9296: $? = 0
configure:9308: result: no
configure:9472: checking dynamic linker characteristics
configure:9928: gcc -o conftest -g -O2   -Wl,-rpath -Wl,/foo conftest.c  >&5
configure:9935: $? = 0
configure:10168: result: GNU/Linux ld.so
configure:10270: checking how to hardcode library paths into programs
configure:10295: result: immediate
configure:11128: checking whether stripping libraries is possible
configure:11133: result: yes
configure:11168: checking if libtool supports shared libraries
configure:11170: result: yes
configure:11173: checking whether to build shared libraries
configure:11194: result: yes
configure:11197: checking whether to build static libraries
configure:11201: result: yes
configure:11236: checking whether ln -s works
configure:11240: result: yes
configure:11247: checking whether make sets $(MAKE)
configure:11269: result: yes
configure:11340: checking for g++
configure:11356: found /usr/bin/g++
configure:11367: result: g++
configure:11394: checking for C++ compiler version
configure:11402: g++ --version >&5
g++ (Ubuntu/Linaro 4.4.4-14ubuntu5.1) 4.4.5
Copyright (C) 2010 Free Software Foundation, Inc.
This is free software; see the source for copying conditions.  There is NO
warranty; not even for MERCHANTABILITY or FITNESS FOR A PARTICULAR PURPOSE.

configure:11406: $? = 0
configure:11413: g++ -v >&5
Using built-in specs.
Target: i686-linux-gnu
Configured with: ../src/configure -v --with-pkgversion='Ubuntu/Linaro 4.4.4-14ubuntu5.1' --with-bugurl=file:///usr/share/doc/gcc-4.4/README.Bugs --enable-languages=c,c++,fortran,objc,obj-c++ --prefix=/usr --program-suffix=-4.4 --enable-shared --enable-multiarch --enable-linker-build-id --with-system-zlib --libexecdir=/usr/lib --without-included-gettext --enable-threads=posix --with-gxx-include-dir=/usr/include/c++/4.4 --libdir=/usr/lib --enable-nls --with-sysroot=/ --enable-clocale=gnu --enable-libstdcxx-debug --enable-objc-gc --enable-targets=all --disable-werror --with-arch-32=i686 --with-tune=generic --enable-checking=release --build=i686-linux-gnu --host=i686-linux-gnu --target=i686-linux-gnu
Thread model: posix
gcc version 4.4.5 (Ubuntu/Linaro 4.4.4-14ubuntu5.1) 
configure:11417: $? = 0
configure:11424: g++ -V >&5
g++: '-V' option must have argument
configure:11428: $? = 1
configure:11431: checking whether we are using the GNU C++ compiler
configure:11460: g++ -c   conftest.cpp >&5
configure:11467: $? = 0
configure:11484: result: yes
configure:11493: checking whether g++ accepts -g
configure:11523: g++ -c -g  conftest.cpp >&5
configure:11530: $? = 0
configure:11631: result: yes
configure:11656: checking dependency style of g++
configure:11747: result: gcc3
configure:11770: checking how to run the C++ preprocessor
configure:11806: g++ -E  conftest.cpp
configure:11813: $? = 0
configure:11844: g++ -E  conftest.cpp
conftest.cpp:22: fatal error: ac_nonexistent.h: No such file or directory
compilation terminated.
configure:11851: $? = 1
configure: failed program was:
| /* confdefs.h.  */
| #define PACKAGE_NAME "libinifile"
| #define PACKAGE_TARNAME "libinifile"
| #define PACKAGE_VERSION "0.5.5"
| #define PACKAGE_STRING "libinifile 0.5.5"
| #define PACKAGE_BUGREPORT "Anders Lövgren <lespaul@algonet.se>"
| #define PACKAGE "libinifile"
| #define VERSION "0.5.5"
| #define STDC_HEADERS 1
| #define HAVE_SYS_TYPES_H 1
| #define HAVE_SYS_STAT_H 1
| #define HAVE_STDLIB_H 1
| #define HAVE_STRING_H 1
| #define HAVE_MEMORY_H 1
| #define HAVE_STRINGS_H 1
| #define HAVE_INTTYPES_H 1
| #define HAVE_STDINT_H 1
| #define HAVE_UNISTD_H 1
| #define HAVE_DLFCN_H 1
| #define LT_OBJDIR ".libs/"
| /* end confdefs.h.  */
| #include <ac_nonexistent.h>
configure:11884: result: g++ -E
configure:11913: g++ -E  conftest.cpp
configure:11920: $? = 0
configure:11951: g++ -E  conftest.cpp
conftest.cpp:22: fatal error: ac_nonexistent.h: No such file or directory
compilation terminated.
configure:11958: $? = 1
configure: failed program was:
| /* confdefs.h.  */
| #define PACKAGE_NAME "libinifile"
| #define PACKAGE_TARNAME "libinifile"
| #define PACKAGE_VERSION "0.5.5"
| #define PACKAGE_STRING "libinifile 0.5.5"
| #define PACKAGE_BUGREPORT "Anders Lövgren <lespaul@algonet.se>"
| #define PACKAGE "libinifile"
| #define VERSION "0.5.5"
| #define STDC_HEADERS 1
| #define HAVE_SYS_TYPES_H 1
| #define HAVE_SYS_STAT_H 1
| #define HAVE_STDLIB_H 1
| #define HAVE_STRING_H 1
| #define HAVE_MEMORY_H 1
| #define HAVE_STRINGS_H 1
| #define HAVE_INTTYPES_H 1
| #define HAVE_STDINT_H 1
| #define HAVE_UNISTD_H 1
| #define HAVE_DLFCN_H 1
| #define LT_OBJDIR ".libs/"
| /* end confdefs.h.  */
| #include <ac_nonexistent.h>
configure:12163: checking for C++ compiler version
configure:12171: g++ --version >&5
g++ (Ubuntu/Linaro 4.4.4-14ubuntu5.1) 4.4.5
Copyright (C) 2010 Free Software Foundation, Inc.
This is free software; see the source for copying conditions.  There is NO
warranty; not even for MERCHANTABILITY or FITNESS FOR A PARTICULAR PURPOSE.

configure:12175: $? = 0
configure:12182: g++ -v >&5
Using built-in specs.
Target: i686-linux-gnu
Configured with: ../src/configure -v --with-pkgversion='Ubuntu/Linaro 4.4.4-14ubuntu5.1' --with-bugurl=file:///usr/share/doc/gcc-4.4/README.Bugs --enable-languages=c,c++,fortran,objc,obj-c++ --prefix=/usr --program-suffix=-4.4 --enable-shared --enable-multiarch --enable-linker-build-id --with-system-zlib --libexecdir=/usr/lib --without-included-gettext --enable-threads=posix --with-gxx-include-dir=/usr/include/c++/4.4 --libdir=/usr/lib --enable-nls --with-sysroot=/ --enable-clocale=gnu --enable-libstdcxx-debug --enable-objc-gc --enable-targets=all --disable-werror --with-arch-32=i686 --with-tune=generic --enable-checking=release --build=i686-linux-gnu --host=i686-linux-gnu --target=i686-linux-gnu
Thread model: posix
gcc version 4.4.5 (Ubuntu/Linaro 4.4.4-14ubuntu5.1) 
configure:12186: $? = 0
configure:12193: g++ -V >&5
g++: '-V' option must have argument
configure:12197: $? = 1
configure:12200: checking whether we are using the GNU C++ compiler
configure:12253: result: yes
configure:12262: checking whether g++ accepts -g
configure:12400: result: yes
configure:12425: checking dependency style of g++
configure:12516: result: gcc3
configure:12665: checking for ld used by g++
configure:12732: result: /usr/bin/ld
configure:12741: checking if the linker (/usr/bin/ld) is GNU ld
configure:12756: result: yes
configure:12811: checking whether the g++ linker (/usr/bin/ld) supports shared libraries
configure:13786: result: yes
configure:13814: g++ -c    conftest.cpp >&5
configure:13817: $? = 0
configure:13999: checking for g++ option to produce PIC
configure:14316: result: -fPIC -DPIC
configure:14325: checking if g++ PIC flag -fPIC -DPIC works
configure:14343: g++ -c    -fPIC -DPIC -DPIC conftest.cpp >&5
configure:14347: $? = 0
configure:14360: result: yes
configure:14381: checking if g++ static flag -static works
configure:14409: result: yes
configure:14421: checking if g++ supports -c -o file.o
configure:14442: g++ -c    -o out/conftest2.o conftest.cpp >&5
configure:14446: $? = 0
configure:14468: result: yes
configure:14473: checking if g++ supports -c -o file.o
configure:14520: result: yes
configure:14550: checking whether the g++ linker (/usr/bin/ld) supports shared libraries
configure:14576: result: yes
configure:14713: checking dynamic linker characteristics
configure:15117: g++ -o conftest     -Wl,-rpath -Wl,/foo conftest.cpp  >&5
configure:15124: $? = 0
configure:15357: result: GNU/Linux ld.so
configure:15408: checking how to hardcode library paths into programs
configure:15433: result: immediate
configure:15523: checking for gcc
configure:15550: result: gcc
configure:15782: checking for C compiler version
configure:15790: gcc --version >&5
gcc (Ubuntu/Linaro 4.4.4-14ubuntu5.1) 4.4.5
Copyright (C) 2010 Free Software Foundation, Inc.
This is free software; see the source for copying conditions.  There is NO
warranty; not even for MERCHANTABILITY or FITNESS FOR A PARTICULAR PURPOSE.

configure:15794: $? = 0
configure:15801: gcc -v >&5
Using built-in specs.
Target: i686-linux-gnu
Configured with: ../src/configure -v --with-pkgversion='Ubuntu/Linaro 4.4.4-14ubuntu5.1' --with-bugurl=file:///usr/share/doc/gcc-4.4/README.Bugs --enable-languages=c,c++,fortran,objc,obj-c++ --prefix=/usr --program-suffix=-4.4 --enable-shared --enable-multiarch --enable-linker-build-id --with-system-zlib --libexecdir=/usr/lib --without-included-gettext --enable-threads=posix --with-gxx-include-dir=/usr/include/c++/4.4 --libdir=/usr/lib --enable-nls --with-sysroot=/ --enable-clocale=gnu --enable-libstdcxx-debug --enable-objc-gc --enable-targets=all --disable-werror --with-arch-32=i686 --with-tune=generic --enable-checking=release --build=i686-linux-gnu --host=i686-linux-gnu --target=i686-linux-gnu
Thread model: posix
gcc version 4.4.5 (Ubuntu/Linaro 4.4.4-14ubuntu5.1) 
configure:15805: $? = 0
configure:15812: gcc -V >&5
gcc: '-V' option must have argument
configure:15816: $? = 1
configure:15819: checking whether we are using the GNU C compiler
configure:15872: result: yes
configure:15881: checking whether gcc accepts -g
configure:16019: result: yes
configure:16036: checking for gcc option to accept ISO C89
configure:16140: result: none needed
configure:16160: checking dependency style of gcc
configure:16251: result: gcc3
configure:16272: checking how to run the C preprocessor
configure:16390: result: gcc -E
configure:16419: gcc -E  conftest.c
configure:16426: $? = 0
configure:16457: gcc -E  conftest.c
conftest.c:22: fatal error: ac_nonexistent.h: No such file or directory
compilation terminated.
configure:16464: $? = 1
configure: failed program was:
| /* confdefs.h.  */
| #define PACKAGE_NAME "libinifile"
| #define PACKAGE_TARNAME "libinifile"
| #define PACKAGE_VERSION "0.5.5"
| #define PACKAGE_STRING "libinifile 0.5.5"
| #define PACKAGE_BUGREPORT "Anders Lövgren <lespaul@algonet.se>"
| #define PACKAGE "libinifile"
| #define VERSION "0.5.5"
| #define STDC_HEADERS 1
| #define HAVE_SYS_TYPES_H 1
| #define HAVE_SYS_STAT_H 1
| #define HAVE_STDLIB_H 1
| #define HAVE_STRING_H 1
| #define HAVE_MEMORY_H 1
| #define HAVE_STRINGS_H 1
| #define HAVE_INTTYPES_H 1
| #define HAVE_STDINT_H 1
| #define HAVE_UNISTD_H 1
| #define HAVE_DLFCN_H 1
| #define LT_OBJDIR ".libs/"
| /* end confdefs.h.  */
| #include <ac_nonexistent.h>
configure:16508: checking how to run the C++ preprocessor
configure:16622: result: g++ -E
configure:16651: g++ -E  conftest.cpp
configure:16658: $? = 0
configure:16689: g++ -E  conftest.cpp
conftest.cpp:22: fatal error: ac_nonexistent.h: No such file or directory
compilation terminated.
configure:16696: $? = 1
configure: failed program was:
| /* confdefs.h.  */
| #define PACKAGE_NAME "libinifile"
| #define PACKAGE_TARNAME "libinifile"
| #define PACKAGE_VERSION "0.5.5"
| #define PACKAGE_STRING "libinifile 0.5.5"
| #define PACKAGE_BUGREPORT "Anders Lövgren <lespaul@algonet.se>"
| #define PACKAGE "libinifile"
| #define VERSION "0.5.5"
| #define STDC_HEADERS 1
| #define HAVE_SYS_TYPES_H 1
| #define HAVE_SYS_STAT_H 1
| #define HAVE_STDLIB_H 1
| #define HAVE_STRING_H 1
| #define HAVE_MEMORY_H 1
| #define HAVE_STRINGS_H 1
| #define HAVE_INTTYPES_H 1
| #define HAVE_STDINT_H 1
| #define HAVE_UNISTD_H 1
| #define HAVE_DLFCN_H 1
| #define LT_OBJDIR ".libs/"
| /* end confdefs.h.  */
| #include <ac_nonexistent.h>
configure:17050: checking whether g++ supports -Wmissing-format-attribute
configure:17087: g++ -o conftest -ansi -D_XOPEN_SOURCE=600 -D_BSD_SOURCE -Wcast-align -Wconversion -Wchar-subscripts -Wall -W -Wpointer-arith -O2   -Wmissing-format-attribute   conftest.cpp  >&5
configure:17094: $? = 0
configure:17124: result: yes
configure:17138: checking whether g++ supports -Wundef
configure:17175: g++ -o conftest -ansi -D_XOPEN_SOURCE=600 -D_BSD_SOURCE -Wcast-align -Wconversion -Wchar-subscripts -Wall -W -Wpointer-arith -O2   -Wformat-security -Wmissing-format-attribute -Wundef   conftest.cpp  >&5
configure:17182: $? = 0
configure:17212: result: yes
configure:17224: checking whether g++ supports -Wno-long-long
configure:17261: g++ -o conftest -Wundef -ansi -D_XOPEN_SOURCE=600 -D_BSD_SOURCE -Wcast-align -Wconversion -Wchar-subscripts -Wall -W -Wpointer-arith -O2   -Wformat-security -Wmissing-format-attribute -Wno-long-long   conftest.cpp  >&5
configure:17268: $? = 0
configure:17298: result: yes
configure:17310: checking whether g++ supports -Wno-non-virtual-dtor
configure:17347: g++ -o conftest -Wno-long-long -Wundef -ansi -D_XOPEN_SOURCE=600 -D_BSD_SOURCE -Wcast-align -Wconversion -Wchar-subscripts -Wall -W -Wpointer-arith -O2   -Wformat-security -Wmissing-format-attribute -Wno-non-virtual-dtor   conftest.cpp  >&5
configure:17354: $? = 0
configure:17384: result: yes
configure:17400: checking whether g++ supports -fno-check-new
configure:17437: g++ -o conftest -Wno-long-long -Wundef -ansi -D_XOPEN_SOURCE=600 -D_BSD_SOURCE -Wcast-align -Wconversion -Wchar-subscripts -Wall -W -Wpointer-arith -O2   -Wformat-security -Wmissing-format-attribute -Wno-non-virtual-dtor -fno-check-new   conftest.cpp  >&5
configure:17444: $? = 0
configure:17474: result: yes
configure:17486: checking whether g++ supports -fno-common
configure:17523: g++ -o conftest -Wno-long-long -Wundef -ansi -D_XOPEN_SOURCE=600 -D_BSD_SOURCE -Wcast-align -Wconversion -Wchar-subscripts -Wall -W -Wpointer-arith -O2   -Wformat-security -Wmissing-format-attribute -Wno-non-virtual-dtor -fno-check-new -fno-common   conftest.cpp  >&5
configure:17530: $? = 0
configure:17560: result: yes
configure:17572: checking whether g++ supports -fexceptions
configure:17609: g++ -o conftest -Wno-long-long -Wundef -ansi -D_XOPEN_SOURCE=600 -D_BSD_SOURCE -Wcast-align -Wconversion -Wchar-subscripts -Wall -W -Wpointer-arith -O2   -Wformat-security -Wmissing-format-attribute -Wno-non-virtual-dtor -fno-check-new -fno-common -fexceptions   conftest.cpp  >&5
configure:17616: $? = 0
configure:17646: result: yes
configure:17692: checking whether the compiler implements namespaces
configure:17725: g++ -c -Wno-long-long -Wundef -ansi -D_XOPEN_SOURCE=600 -D_BSD_SOURCE -Wcast-align -Wconversion -Wchar-subscripts -Wall -W -Wpointer-arith -O2   -Wformat-security -Wmissing-format-attribute -Wno-non-virtual-dtor -fno-check-new -fno-common -fexceptions     conftest.cpp >&5
configure:17732: $? = 0
configure:17754: result: yes
configure:17764: checking whether the compiler supports exceptions
configure:17797: g++ -c -Wno-long-long -Wundef -ansi -D_XOPEN_SOURCE=600 -D_BSD_SOURCE -Wcast-align -Wconversion -Wchar-subscripts -Wall -W -Wpointer-arith -O2   -Wformat-security -Wmissing-format-attribute -Wno-non-virtual-dtor -fno-check-new -fno-common -fexceptions     conftest.cpp >&5
configure:17804: $? = 0
configure:17826: result: yes
configure:17841: checking for ANSI C header files
configure:18009: result: yes
configure:18031: checking string usability
configure:18048: g++ -c -Wno-long-long -Wundef -ansi -D_XOPEN_SOURCE=600 -D_BSD_SOURCE -Wcast-align -Wconversion -Wchar-subscripts -Wall -W -Wpointer-arith -O2   -Wformat-security -Wmissing-format-attribute -Wno-non-virtual-dtor -fno-check-new -fno-common -fexceptions     conftest.cpp >&5
configure:18055: $? = 0
configure:18069: result: yes
configure:18073: checking string presence
configure:18088: g++ -E  conftest.cpp
configure:18095: $? = 0
configure:18109: result: yes
configure:18142: checking for string
configure:18149: result: yes
configure:18172: checking fstream usability
configure:18189: g++ -c -Wno-long-long -Wundef -ansi -D_XOPEN_SOURCE=600 -D_BSD_SOURCE -Wcast-align -Wconversion -Wchar-subscripts -Wall -W -Wpointer-arith -O2   -Wformat-security -Wmissing-format-attribute -Wno-non-virtual-dtor -fno-check-new -fno-common -fexceptions     conftest.cpp >&5
configure:18196: $? = 0
configure:18210: result: yes
configure:18214: checking fstream presence
configure:18229: g++ -E  conftest.cpp
configure:18236: $? = 0
configure:18250: result: yes
configure:18283: checking for fstream
configure:18290: result: yes
configure:18313: checking iostream usability
configure:18330: g++ -c -Wno-long-long -Wundef -ansi -D_XOPEN_SOURCE=600 -D_BSD_SOURCE -Wcast-align -Wconversion -Wchar-subscripts -Wall -W -Wpointer-arith -O2   -Wformat-security -Wmissing-format-attribute -Wno-non-virtual-dtor -fno-check-new -fno-common -fexceptions     conftest.cpp >&5
configure:18337: $? = 0
configure:18351: result: yes
configure:18355: checking iostream presence
configure:18370: g++ -E  conftest.cpp
configure:18377: $? = 0
configure:18391: result: yes
configure:18424: checking for iostream
configure:18431: result: yes
configure:18454: checking sstream usability
configure:18471: g++ -c -Wno-long-long -Wundef -ansi -D_XOPEN_SOURCE=600 -D_BSD_SOURCE -Wcast-align -Wconversion -Wchar-subscripts -Wall -W -Wpointer-arith -O2   -Wformat-security -Wmissing-format-attribute -Wno-non-virtual-dtor -fno-check-new -fno-common -fexceptions     conftest.cpp >&5
configure:18478: $? = 0
configure:18492: result: yes
configure:18496: checking sstream presence
configure:18511: g++ -E  conftest.cpp
configure:18518: $? = 0
configure:18532: result: yes
configure:18565: checking for sstream
configure:18572: result: yes
configure:18997: checking for an ANSI C-conforming const
configure:19072: g++ -c -Wno-long-long -Wundef -ansi -D_XOPEN_SOURCE=600 -D_BSD_SOURCE -Wcast-align -Wconversion -Wchar-subscripts -Wall -W -Wpointer-arith -O2   -Wformat-security -Wmissing-format-attribute -Wno-non-virtual-dtor -fno-check-new -fno-common -fexceptions     conftest.cpp >&5
configure:19079: $? = 0
configure:19094: result: yes
configure:19104: checking for size_t
configure:19132: g++ -c -Wno-long-long -Wundef -ansi -D_XOPEN_SOURCE=600 -D_BSD_SOURCE -Wcast-align -Wconversion -Wchar-subscripts -Wall -W -Wpointer-arith -O2   -Wformat-security -Wmissing-format-attribute -Wno-non-virtual-dtor -fno-check-new -fno-common -fexceptions     conftest.cpp >&5
configure:19139: $? = 0
configure:19166: g++ -c -Wno-long-long -Wundef -ansi -D_XOPEN_SOURCE=600 -D_BSD_SOURCE -Wcast-align -Wconversion -Wchar-subscripts -Wall -W -Wpointer-arith -O2   -Wformat-security -Wmissing-format-attribute -Wno-non-virtual-dtor -fno-check-new -fno-common -fexceptions     conftest.cpp >&5
conftest.cpp: In function 'int main()':
conftest.cpp:65: error: expected primary-expression before ')' token
configure:19173: $? = 1
configure: failed program was:
| /* confdefs.h.  */
| #define PACKAGE_NAME "libinifile"
| #define PACKAGE_TARNAME "libinifile"
| #define PACKAGE_VERSION "0.5.5"
| #define PACKAGE_STRING "libinifile 0.5.5"
| #define PACKAGE_BUGREPORT "Anders Lövgren <lespaul@algonet.se>"
| #define PACKAGE "libinifile"
| #define VERSION "0.5.5"
| #define STDC_HEADERS 1
| #define HAVE_SYS_TYPES_H 1
| #define HAVE_SYS_STAT_H 1
| #define HAVE_STDLIB_H 1
| #define HAVE_STRING_H 1
| #define HAVE_MEMORY_H 1
| #define HAVE_STRINGS_H 1
| #define HAVE_INTTYPES_H 1
| #define HAVE_STDINT_H 1
| #define HAVE_UNISTD_H 1
| #define HAVE_DLFCN_H 1
| #define LT_OBJDIR ".libs/"
| #define HAVE_NAMESPACES /**/
| #define HAVE_EXCEPTIONS /**/
| #define STDC_HEADERS 1
| #define HAVE_STL_STRING 1
| #define HAVE_STL_FSTREAM 1
| #define HAVE_STL_IOSTREAM 1
| #define HAVE_STL_SSTREAM 1
| /* end confdefs.h.  */
| #include <stdio.h>
| #ifdef HAVE_SYS_TYPES_H
| # include <sys/types.h>
| #endif
| #ifdef HAVE_SYS_STAT_H
| # include <sys/stat.h>
| #endif
| #ifdef STDC_HEADERS
| # include <stdlib.h>
| # include <stddef.h>
| #else
| # ifdef HAVE_STDLIB_H
| #  include <stdlib.h>
| # endif
| #endif
| #ifdef HAVE_STRING_H
| # if !defined STDC_HEADERS && defined HAVE_MEMORY_H
| #  include <memory.h>
| # endif
| # include <string.h>
| #endif
| #ifdef HAVE_STRINGS_H
| # include <strings.h>
| #endif
| #ifdef HAVE_INTTYPES_H
| # include <inttypes.h>
| #endif
| #ifdef HAVE_STDINT_H
| # include <stdint.h>
| #endif
| #ifdef HAVE_UNISTD_H
| # include <unistd.h>
| #endif
| int
| main ()
| {
| if (sizeof ((size_t)))
| 	  return 0;
|   ;
|   return 0;
| }
configure:19196: result: yes
configure:19208: checking for ssize_t
configure:19236: g++ -c -Wno-long-long -Wundef -ansi -D_XOPEN_SOURCE=600 -D_BSD_SOURCE -Wcast-align -Wconversion -Wchar-subscripts -Wall -W -Wpointer-arith -O2   -Wformat-security -Wmissing-format-attribute -Wno-non-virtual-dtor -fno-check-new -fno-common -fexceptions     conftest.cpp >&5
configure:19243: $? = 0
configure:19270: g++ -c -Wno-long-long -Wundef -ansi -D_XOPEN_SOURCE=600 -D_BSD_SOURCE -Wcast-align -Wconversion -Wchar-subscripts -Wall -W -Wpointer-arith -O2   -Wformat-security -Wmissing-format-attribute -Wno-non-virtual-dtor -fno-check-new -fno-common -fexceptions     conftest.cpp >&5
conftest.cpp: In function 'int main()':
conftest.cpp:65: error: expected primary-expression before ')' token
configure:19277: $? = 1
configure: failed program was:
| /* confdefs.h.  */
| #define PACKAGE_NAME "libinifile"
| #define PACKAGE_TARNAME "libinifile"
| #define PACKAGE_VERSION "0.5.5"
| #define PACKAGE_STRING "libinifile 0.5.5"
| #define PACKAGE_BUGREPORT "Anders Lövgren <lespaul@algonet.se>"
| #define PACKAGE "libinifile"
| #define VERSION "0.5.5"
| #define STDC_HEADERS 1
| #define HAVE_SYS_TYPES_H 1
| #define HAVE_SYS_STAT_H 1
| #define HAVE_STDLIB_H 1
| #define HAVE_STRING_H 1
| #define HAVE_MEMORY_H 1
| #define HAVE_STRINGS_H 1
| #define HAVE_INTTYPES_H 1
| #define HAVE_STDINT_H 1
| #define HAVE_UNISTD_H 1
| #define HAVE_DLFCN_H 1
| #define LT_OBJDIR ".libs/"
| #define HAVE_NAMESPACES /**/
| #define HAVE_EXCEPTIONS /**/
| #define STDC_HEADERS 1
| #define HAVE_STL_STRING 1
| #define HAVE_STL_FSTREAM 1
| #define HAVE_STL_IOSTREAM 1
| #define HAVE_STL_SSTREAM 1
| /* end confdefs.h.  */
| #include <stdio.h>
| #ifdef HAVE_SYS_TYPES_H
| # include <sys/types.h>
| #endif
| #ifdef HAVE_SYS_STAT_H
| # include <sys/stat.h>
| #endif
| #ifdef STDC_HEADERS
| # include <stdlib.h>
| # include <stddef.h>
| #else
| # ifdef HAVE_STDLIB_H
| #  include <stdlib.h>
| # endif
| #endif
| #ifdef HAVE_STRING_H
| # if !defined STDC_HEADERS && defined HAVE_MEMORY_H
| #  include <memory.h>
| # endif
| # include <string.h>
| #endif
| #ifdef HAVE_STRINGS_H
| # include <strings.h>
| #endif
| #ifdef HAVE_INTTYPES_H
| # include <inttypes.h>
| #endif
| #ifdef HAVE_STDINT_H
| # include <stdint.h>
| #endif
| #ifdef HAVE_UNISTD_H
| # include <unistd.h>
| #endif
| int
| main ()
| {
| if (sizeof ((ssize_t)))
| 	  return 0;
|   ;
|   return 0;
| }
configure:19300: result: yes
configure:19319: checking for stdlib.h
configure:19326: result: yes
configure:19465: checking for GNU libc compatible malloc
configure:19499: g++ -o conftest -Wno-long-long -Wundef -ansi -D_XOPEN_SOURCE=600 -D_BSD_SOURCE -Wcast-align -Wconversion -Wchar-subscripts -Wall -W -Wpointer-arith -O2   -Wformat-security -Wmissing-format-attribute -Wno-non-virtual-dtor -fno-check-new -fno-common -fexceptions      conftest.cpp  >&5
configure:19503: $? = 0
configure:19509: ./conftest
configure:19513: $? = 0
configure:19530: result: yes
configure:19563: checking for stdlib.h
configure:19570: result: yes
configure:19709: checking for GNU libc compatible realloc
configure:19743: g++ -o conftest -Wno-long-long -Wundef -ansi -D_XOPEN_SOURCE=600 -D_BSD_SOURCE -Wcast-align -Wconversion -Wchar-subscripts -Wall -W -Wpointer-arith -O2   -Wformat-security -Wmissing-format-attribute -Wno-non-virtual-dtor -fno-check-new -fno-common -fexceptions      conftest.cpp  >&5
configure:19747: $? = 0
configure:19753: ./conftest
configure:19757: $? = 0
configure:19774: result: yes
configure:19809: checking for getline
configure:19865: g++ -o conftest -Wno-long-long -Wundef -ansi -D_XOPEN_SOURCE=600 -D_BSD_SOURCE -Wcast-align -Wconversion -Wchar-subscripts -Wall -W -Wpointer-arith -O2   -Wformat-security -Wmissing-format-attribute -Wno-non-virtual-dtor -fno-check-new -fno-common -fexceptions      conftest.cpp  >&5
configure:19872: $? = 0
configure:19894: result: yes
configure:19809: checking for memmove
configure:19865: g++ -o conftest -Wno-long-long -Wundef -ansi -D_XOPEN_SOURCE=600 -D_BSD_SOURCE -Wcast-align -Wconversion -Wchar-subscripts -Wall -W -Wpointer-arith -O2   -Wformat-security -Wmissing-format-attribute -Wno-non-virtual-dtor -fno-check-new -fno-common -fexceptions      conftest.cpp  >&5
configure:19872: $? = 0
configure:19894: result: yes
configure:19809: checking for memset
configure:19865: g++ -o conftest -Wno-long-long -Wundef -ansi -D_XOPEN_SOURCE=600 -D_BSD_SOURCE -Wcast-align -Wconversion -Wchar-subscripts -Wall -W -Wpointer-arith -O2   -Wformat-security -Wmissing-format-attribute -Wno-non-virtual-dtor -fno-check-new -fno-common -fexceptions      conftest.cpp  >&5
configure:19872: $? = 0
configure:19894: result: yes
configure:19809: checking for strchr
configure:19865: g++ -o conftest -Wno-long-long -Wundef -ansi -D_XOPEN_SOURCE=600 -D_BSD_SOURCE -Wcast-align -Wconversion -Wchar-subscripts -Wall -W -Wpointer-arith -O2   -Wformat-security -Wmissing-format-attribute -Wno-non-virtual-dtor -fno-check-new -fno-common -fexceptions      conftest.cpp  >&5
configure:19872: $? = 0
configure:19894: result: yes
configure:20151: creating ./config.status

## ---------------------- ##
## Running config.status. ##
## ---------------------- ##

This file was extended by libinifile config.status 0.5.5, which was
generated by GNU Autoconf 2.63.  Invocation command line was

  CONFIG_FILES    = 
  CONFIG_HEADERS  = 
  CONFIG_LINKS    = 
  CONFIG_COMMANDS = 
  $ ./config.status 

on txgcwm

config.status:1073: creating Makefile
config.status:1073: creating src/Makefile
config.status:1073: creating src/cxx/Makefile
config.status:1073: creating src/test/Makefile
config.status:1073: creating docs/Makefile
config.status:1073: creating src/libinifile.pc
config.status:1073: creating src/cxx/libinifile++.pc
config.status:1073: creating config.h
config.status:1347: executing depfiles commands
config.status:1347: executing libtool commands

## ---------------- ##
## Cache variables. ##
## ---------------- ##

ac_cv_build=i686-pc-linux-gnu
ac_cv_c_compiler_gnu=yes
ac_cv_c_const=yes
ac_cv_cxx_compiler_gnu=yes
ac_cv_cxx_exceptions=yes
ac_cv_cxx_namespaces=yes
ac_cv_env_CCC_set=
ac_cv_env_CCC_value=
ac_cv_env_CC_set=
ac_cv_env_CC_value=
ac_cv_env_CFLAGS_set=
ac_cv_env_CFLAGS_value=
ac_cv_env_CPPFLAGS_set=
ac_cv_env_CPPFLAGS_value=
ac_cv_env_CPP_set=
ac_cv_env_CPP_value=
ac_cv_env_CXXCPP_set=
ac_cv_env_CXXCPP_value=
ac_cv_env_CXXFLAGS_set=
ac_cv_env_CXXFLAGS_value=
ac_cv_env_CXX_set=
ac_cv_env_CXX_value=
ac_cv_env_LDFLAGS_set=
ac_cv_env_LDFLAGS_value=
ac_cv_env_LIBS_set=
ac_cv_env_LIBS_value=
ac_cv_env_build_alias_set=
ac_cv_env_build_alias_value=
ac_cv_env_host_alias_set=
ac_cv_env_host_alias_value=
ac_cv_env_target_alias_set=
ac_cv_env_target_alias_value=
ac_cv_func_getline=yes
ac_cv_func_malloc_0_nonnull=yes
ac_cv_func_memmove=yes
ac_cv_func_memset=yes
ac_cv_func_realloc_0_nonnull=yes
ac_cv_func_strchr=yes
ac_cv_header_dlfcn_h=yes
ac_cv_header_fstream=yes
ac_cv_header_inttypes_h=yes
ac_cv_header_iostream=yes
ac_cv_header_memory_h=yes
ac_cv_header_sstream=yes
ac_cv_header_stdc=yes
ac_cv_header_stdint_h=yes
ac_cv_header_stdlib_h=yes
ac_cv_header_string=yes
ac_cv_header_string_h=yes
ac_cv_header_strings_h=yes
ac_cv_header_sys_stat_h=yes
ac_cv_header_sys_types_h=yes
ac_cv_header_unistd_h=yes
ac_cv_host=i686-pc-linux-gnu
ac_cv_objext=o
ac_cv_path_EGREP='/bin/grep -E'
ac_cv_path_FGREP='/bin/grep -F'
ac_cv_path_GREP=/bin/grep
ac_cv_path_SED=/bin/sed
ac_cv_path_install='/usr/bin/install -c'
ac_cv_path_mkdir=/bin/mkdir
ac_cv_prog_AWK=gawk
ac_cv_prog_CPP='gcc -E'
ac_cv_prog_CXXCPP='g++ -E'
ac_cv_prog_ac_ct_AR=ar
ac_cv_prog_ac_ct_CC=gcc
ac_cv_prog_ac_ct_CXX=g++
ac_cv_prog_ac_ct_OBJDUMP=objdump
ac_cv_prog_ac_ct_RANLIB=ranlib
ac_cv_prog_ac_ct_STRIP=strip
ac_cv_prog_cc_c89=
ac_cv_prog_cc_g=yes
ac_cv_prog_cxx_g=yes
ac_cv_prog_make_make_set=yes
ac_cv_type_size_t=yes
ac_cv_type_ssize_t=yes
am_cv_CC_dependencies_compiler_type=gcc3
am_cv_CXX_dependencies_compiler_type=gcc3
libinifile_cv_prog_cxx_Wmissing_format_attribute=yes
libinifile_cv_prog_cxx_Wno_long_long=yes
libinifile_cv_prog_cxx_Wno_non_virtual_dtor=yes
libinifile_cv_prog_cxx_Wundef=yes
libinifile_cv_prog_cxx_fexceptions=yes
libinifile_cv_prog_cxx_fno_check_new=yes
libinifile_cv_prog_cxx_fno_common=yes
lt_cv_deplibs_check_method=pass_all
lt_cv_file_magic_cmd='$MAGIC_CMD'
lt_cv_file_magic_test_file=
lt_cv_ld_reload_flag=-r
lt_cv_nm_interface='BSD nm'
lt_cv_objdir=.libs
lt_cv_path_LD=/usr/bin/ld
lt_cv_path_LDCXX=/usr/bin/ld
lt_cv_path_NM='/usr/bin/nm -B'
lt_cv_prog_compiler_c_o=yes
lt_cv_prog_compiler_c_o_CXX=yes
lt_cv_prog_compiler_pic_works=yes
lt_cv_prog_compiler_pic_works_CXX=yes
lt_cv_prog_compiler_rtti_exceptions=no
lt_cv_prog_compiler_static_works=yes
lt_cv_prog_compiler_static_works_CXX=yes
lt_cv_prog_gnu_ld=yes
lt_cv_prog_gnu_ldcxx=yes
lt_cv_sys_global_symbol_pipe='sed -n -e '\''s/^.*[	 ]\([ABCDGIRSTW][ABCDGIRSTW]*\)[	 ][	 ]*\([_A-Za-z][_A-Za-z0-9]*\)$/\1 \2 \2/p'\'''
lt_cv_sys_global_symbol_to_c_name_address='sed -n -e '\''s/^: \([^ ]*\) $/  {\"\1\", (void *) 0},/p'\'' -e '\''s/^[ABCDGIRSTW]* \([^ ]*\) \([^ ]*\)$/  {"\2", (void *) \&\2},/p'\'''
lt_cv_sys_global_symbol_to_c_name_address_lib_prefix='sed -n -e '\''s/^: \([^ ]*\) $/  {\"\1\", (void *) 0},/p'\'' -e '\''s/^[ABCDGIRSTW]* \([^ ]*\) \(lib[^ ]*\)$/  {"\2", (void *) \&\2},/p'\'' -e '\''s/^[ABCDGIRSTW]* \([^ ]*\) \([^ ]*\)$/  {"lib\2", (void *) \&\2},/p'\'''
lt_cv_sys_global_symbol_to_cdecl='sed -n -e '\''s/^T .* \(.*\)$/extern int \1();/p'\'' -e '\''s/^[ABCDGIRSTW]* .* \(.*\)$/extern char \1;/p'\'''
lt_cv_sys_max_cmd_len=1572864

## ----------------- ##
## Output variables. ##
## ----------------- ##

ACLOCAL='${SHELL} /root/Downloads/libinifile-0.5.5/missing --run aclocal-1.10'
AMDEPBACKSLASH='\'
AMDEP_FALSE='#'
AMDEP_TRUE=''
AMTAR='${SHELL} /root/Downloads/libinifile-0.5.5/missing --run tar'
AR='ar'
AUTOCONF='${SHELL} /root/Downloads/libinifile-0.5.5/missing --run autoconf'
AUTOHEADER='${SHELL} /root/Downloads/libinifile-0.5.5/missing --run autoheader'
AUTOMAKE='${SHELL} /root/Downloads/libinifile-0.5.5/missing --run automake-1.10'
AWK='gawk'
BUILD_INIFILE_CXXLIB_FALSE=''
BUILD_INIFILE_CXXLIB_TRUE='#'
BUILD_INIFILE_TESTS_CXX_FALSE=''
BUILD_INIFILE_TESTS_CXX_TRUE='#'
BUILD_INIFILE_TESTS_FALSE=''
BUILD_INIFILE_TESTS_TRUE='#'
CC='gcc'
CCDEPMODE='depmode=gcc3'
CFLAGS='-std=iso9899:1990 -W -Wall -Wchar-subscripts -Wshadow -Wpointer-arith -Wmissing-prototypes -Wwrite-strings -D_XOPEN_SOURCE=600 -D_BSD_SOURCE -O2     '
CPP='gcc -E'
CPPFLAGS=''
CXX='g++'
CXXCPP='g++ -E'
CXXDEPMODE='depmode=gcc3'
CXXFLAGS='-Wno-long-long -Wundef -ansi -D_XOPEN_SOURCE=600 -D_BSD_SOURCE -Wcast-align -Wconversion -Wchar-subscripts -Wall -W -Wpointer-arith -O2   -Wformat-security -Wmissing-format-attribute -Wno-non-virtual-dtor -fno-check-new -fno-common -fexceptions   '
CYGPATH_W='echo'
DEFS='-DHAVE_CONFIG_H'
DEPDIR='.deps'
DSYMUTIL=''
DUMPBIN=''
ECHO_C=''
ECHO_N='-n'
ECHO_T=''
EGREP='/bin/grep -E'
EXEEXT=''
FGREP='/bin/grep -F'
GREP='/bin/grep'
INSTALL_DATA='${INSTALL} -m 644'
INSTALL_PROGRAM='${INSTALL}'
INSTALL_SCRIPT='${INSTALL}'
INSTALL_STRIP_PROGRAM='$(install_sh) -c -s'
LD='/usr/bin/ld'
LDFLAGS=''
LIBOBJS=''
LIBS=''
LIBTOOL='$(SHELL) $(top_builddir)/libtool'
LIPO=''
LN_S='ln -s'
LTLIBOBJS=''
MAKEINFO='${SHELL} /root/Downloads/libinifile-0.5.5/missing --run makeinfo'
MKDIR_P='/bin/mkdir -p'
NM='/usr/bin/nm -B'
NMEDIT=''
OBJDUMP='objdump'
OBJEXT='o'
OTOOL64=''
OTOOL=''
PACKAGE='libinifile'
PACKAGE_BUGREPORT='Anders Lövgren <lespaul@algonet.se>'
PACKAGE_NAME='libinifile'
PACKAGE_STRING='libinifile 0.5.5'
PACKAGE_TARNAME='libinifile'
PACKAGE_VERSION='0.5.5'
PATH_SEPARATOR=':'
RANLIB='ranlib'
SED='/bin/sed'
SET_MAKE=''
SHELL='/bin/sh'
STRIP='strip'
VERSION='0.5.5'
WOVERLOADED_VIRTUAL=''
ac_ct_CC='gcc'
ac_ct_CXX='g++'
ac_ct_DUMPBIN=''
am__fastdepCC_FALSE='#'
am__fastdepCC_TRUE=''
am__fastdepCXX_FALSE='#'
am__fastdepCXX_TRUE=''
am__include='include'
am__isrc=''
am__leading_dot='.'
am__quote=''
am__tar='${AMTAR} chof - "$$tardir"'
am__untar='${AMTAR} xf -'
bindir='${exec_prefix}/bin'
build='i686-pc-linux-gnu'
build_alias=''
build_cpu='i686'
build_os='linux-gnu'
build_vendor='pc'
datadir='${datarootdir}'
datarootdir='${prefix}/share'
docdir='${datarootdir}/doc/${PACKAGE_TARNAME}'
dvidir='${docdir}'
exec_prefix='${prefix}'
host='i686-pc-linux-gnu'
host_alias=''
host_cpu='i686'
host_os='linux-gnu'
host_vendor='pc'
htmldir='${docdir}'
includedir='${prefix}/include'
infodir='${datarootdir}/info'
install_sh='$(SHELL) /root/Downloads/libinifile-0.5.5/install-sh'
libdir='${exec_prefix}/lib'
libexecdir='${exec_prefix}/libexec'
localedir='${datarootdir}/locale'
localstatedir='${prefix}/var'
lt_ECHO='echo'
mandir='${datarootdir}/man'
mkdir_p='/bin/mkdir -p'
oldincludedir='/usr/include'
pdfdir='${docdir}'
prefix='/usr/local'
program_transform_name='s,x,x,'
psdir='${docdir}'
sbindir='${exec_prefix}/sbin'
sharedstatedir='${prefix}/com'
sysconfdir='${prefix}/etc'
target_alias=''

## ----------- ##
## confdefs.h. ##
## ----------- ##

#define PACKAGE_NAME "libinifile"
#define PACKAGE_TARNAME "libinifile"
#define PACKAGE_VERSION "0.5.5"
#define PACKAGE_STRING "libinifile 0.5.5"
#define PACKAGE_BUGREPORT "Anders Lövgren <lespaul@algonet.se>"
#define PACKAGE "libinifile"
#define VERSION "0.5.5"
#define STDC_HEADERS 1
#define HAVE_SYS_TYPES_H 1
#define HAVE_SYS_STAT_H 1
#define HAVE_STDLIB_H 1
#define HAVE_STRING_H 1
#define HAVE_MEMORY_H 1
#define HAVE_STRINGS_H 1
#define HAVE_INTTYPES_H 1
#define HAVE_STDINT_H 1
#define HAVE_UNISTD_H 1
#define HAVE_DLFCN_H 1
#define LT_OBJDIR ".libs/"
#define HAVE_NAMESPACES /**/
#define HAVE_EXCEPTIONS /**/
#define STDC_HEADERS 1
#define HAVE_STL_STRING 1
#define HAVE_STL_FSTREAM 1
#define HAVE_STL_IOSTREAM 1
#define HAVE_STL_SSTREAM 1
#define HAVE_STDLIB_H 1
#define HAVE_MALLOC 1
#define HAVE_STDLIB_H 1
#define HAVE_REALLOC 1
#define HAVE_GETLINE 1
#define HAVE_MEMMOVE 1
#define HAVE_MEMSET 1
#define HAVE_STRCHR 1

configure: exit 0
