This file contains any messages produced by compilers while
running configure, to aid debugging if configure makes a mistake.

It was created by libusb configure 0.1.12, which was
generated by GNU Autoconf 2.69.  Invocation command line was

  $ ./configure --no-create --no-recursion

## --------- ##
## Platform. ##
## --------- ##

hostname = txgcwm
uname -m = i686
uname -r = 3.5.0-21-generic
uname -s = Linux
uname -v = #32-Ubuntu SMP Tue Dec 11 18:52:46 UTC 2012

/usr/bin/uname -p = unknown
/bin/uname -X     = unknown

/bin/arch              = unknown
/usr/bin/arch -k       = unknown
/usr/convex/getsysinfo = unknown
/usr/bin/hostinfo      = unknown
/bin/machine           = unknown
/usr/bin/oslevel       = unknown
/bin/universe          = unknown

PATH: /opt/qt5/bin
PATH: /usr/lib/lightdm/lightdm
PATH: /usr/local/sbin
PATH: /usr/local/bin
PATH: /usr/sbin
PATH: /usr/bin
PATH: /sbin
PATH: /bin
PATH: /usr/games
PATH: /usr/local/games
PATH: /opt/qt5/bin


## ----------- ##
## Core tests. ##
## ----------- ##

configure:2821: checking for a BSD-compatible install
configure:2889: result: /usr/bin/install -c
configure:2900: checking whether build environment is sane
configure:2937: result: yes
configure:2991: checking for gawk
configure:3021: result: no
configure:2991: checking for mawk
configure:3007: found /usr/bin/mawk
configure:3018: result: mawk
configure:3029: checking whether make sets $(MAKE)
configure:3051: result: yes
configure:3368: checking build system type
configure:3382: result: i686-pc-linux-gnu
configure:3402: checking host system type
configure:3415: result: i686-pc-linux-gnu
configure:3447: checking for style of include used by make
configure:3475: result: GNU
configure:3548: checking for gcc
configure:3564: found /usr/bin/gcc
configure:3575: result: gcc
configure:3804: checking for C compiler version
configure:3813: gcc --version >&5
gcc (Ubuntu/Linaro 4.7.2-2ubuntu1) 4.7.2
Copyright (C) 2012 Free Software Foundation, Inc.
This is free software; see the source for copying conditions.  There is NO
warranty; not even for MERCHANTABILITY or FITNESS FOR A PARTICULAR PURPOSE.

configure:3824: $? = 0
configure:3813: gcc -v >&5
Using built-in specs.
COLLECT_GCC=gcc
COLLECT_LTO_WRAPPER=/usr/lib/gcc/i686-linux-gnu/4.7/lto-wrapper
Target: i686-linux-gnu
Configured with: ../src/configure -v --with-pkgversion='Ubuntu/Linaro 4.7.2-2ubuntu1' --with-bugurl=file:///usr/share/doc/gcc-4.7/README.Bugs --enable-languages=c,c++,go,fortran,objc,obj-c++ --prefix=/usr --program-suffix=-4.7 --enable-shared --enable-linker-build-id --with-system-zlib --libexecdir=/usr/lib --without-included-gettext --enable-threads=posix --with-gxx-include-dir=/usr/include/c++/4.7 --libdir=/usr/lib --enable-nls --with-sysroot=/ --enable-clocale=gnu --enable-libstdcxx-debug --enable-libstdcxx-time=yes --enable-gnu-unique-object --enable-plugin --enable-objc-gc --enable-targets=all --disable-werror --with-arch-32=i686 --with-tune=generic --enable-checking=release --build=i686-linux-gnu --host=i686-linux-gnu --target=i686-linux-gnu
Thread model: posix
gcc version 4.7.2 (Ubuntu/Linaro 4.7.2-2ubuntu1) 
configure:3824: $? = 0
configure:3813: gcc -V >&5
gcc: error: unrecognized command line option '-V'
gcc: fatal error: no input files
compilation terminated.
configure:3824: $? = 4
configure:3813: gcc -qversion >&5
gcc: error: unrecognized command line option '-qversion'
gcc: fatal error: no input files
compilation terminated.
configure:3824: $? = 4
configure:3844: checking whether the C compiler works
configure:3866: gcc    conftest.c  >&5
configure:3870: $? = 0
configure:3918: result: yes
configure:3921: checking for C compiler default output file name
configure:3923: result: a.out
configure:3929: checking for suffix of executables
configure:3936: gcc -o conftest    conftest.c  >&5
configure:3940: $? = 0
configure:3962: result: 
configure:3984: checking whether we are cross compiling
configure:3992: gcc -o conftest    conftest.c  >&5
configure:3996: $? = 0
configure:4003: ./conftest
configure:4007: $? = 0
configure:4022: result: no
configure:4027: checking for suffix of object files
configure:4049: gcc -c   conftest.c >&5
configure:4053: $? = 0
configure:4074: result: o
configure:4078: checking whether we are using the GNU C compiler
configure:4097: gcc -c   conftest.c >&5
configure:4097: $? = 0
configure:4106: result: yes
configure:4115: checking whether gcc accepts -g
configure:4135: gcc -c -g  conftest.c >&5
configure:4135: $? = 0
configure:4176: result: yes
configure:4193: checking for gcc option to accept ISO C89
configure:4256: gcc  -c -g -O2  conftest.c >&5
configure:4256: $? = 0
configure:4269: result: none needed
configure:4291: checking dependency style of gcc
configure:4376: result: gcc3
configure:4393: checking for a sed that does not truncate output
configure:4447: result: /bin/sed
configure:4450: checking for grep that handles long lines and -e
configure:4508: result: /bin/grep
configure:4513: checking for egrep
configure:4575: result: /bin/grep -E
configure:4591: checking for ld used by gcc
configure:4658: result: /usr/bin/ld
configure:4665: checking if the linker (/usr/bin/ld) is GNU ld
configure:4680: result: yes
configure:4685: checking for /usr/bin/ld option to reload object files
configure:4692: result: -r
configure:4701: checking for BSD-compatible nm
configure:4743: result: /usr/bin/nm -B
configure:4747: checking whether ln -s works
configure:4751: result: yes
configure:4758: checking how to recognise dependent libraries
configure:4941: result: pass_all
configure:5127: checking how to run the C preprocessor
configure:5158: gcc -E  conftest.c
configure:5158: $? = 0
configure:5172: gcc -E  conftest.c
conftest.c:16:28: fatal error: ac_nonexistent.h: No such file or directory
compilation terminated.
configure:5172: $? = 1
configure: failed program was:
| /* confdefs.h */
| #define PACKAGE_NAME "libusb"
| #define PACKAGE_TARNAME "libusb"
| #define PACKAGE_VERSION "0.1.12"
| #define PACKAGE_STRING "libusb 0.1.12"
| #define PACKAGE_BUGREPORT ""
| #define PACKAGE_URL ""
| #define PACKAGE "libusb"
| #define VERSION "0.1.12"
| #define LIBUSB_MAJOR_VERSION 0
| #define LIBUSB_MINOR_VERSION 1
| #define LIBUSB_MICRO_VERSION 12
| #define LIBUSB_INTERFACE_AGE 4
| #define LIBUSB_BINARY_AGE 8
| /* end confdefs.h.  */
| #include <ac_nonexistent.h>
configure:5197: result: gcc -E
configure:5217: gcc -E  conftest.c
configure:5217: $? = 0
configure:5231: gcc -E  conftest.c
conftest.c:16:28: fatal error: ac_nonexistent.h: No such file or directory
compilation terminated.
configure:5231: $? = 1
configure: failed program was:
| /* confdefs.h */
| #define PACKAGE_NAME "libusb"
| #define PACKAGE_TARNAME "libusb"
| #define PACKAGE_VERSION "0.1.12"
| #define PACKAGE_STRING "libusb 0.1.12"
| #define PACKAGE_BUGREPORT ""
| #define PACKAGE_URL ""
| #define PACKAGE "libusb"
| #define VERSION "0.1.12"
| #define LIBUSB_MAJOR_VERSION 0
| #define LIBUSB_MINOR_VERSION 1
| #define LIBUSB_MICRO_VERSION 12
| #define LIBUSB_INTERFACE_AGE 4
| #define LIBUSB_BINARY_AGE 8
| /* end confdefs.h.  */
| #include <ac_nonexistent.h>
configure:5260: checking for ANSI C header files
configure:5280: gcc -c -g -O2  conftest.c >&5
configure:5280: $? = 0
configure:5353: gcc -o conftest -g -O2   conftest.c  >&5
configure:5353: $? = 0
configure:5353: ./conftest
configure:5353: $? = 0
configure:5364: result: yes
configure:5377: checking for sys/types.h
configure:5377: gcc -c -g -O2  conftest.c >&5
configure:5377: $? = 0
configure:5377: result: yes
configure:5377: checking for sys/stat.h
configure:5377: gcc -c -g -O2  conftest.c >&5
configure:5377: $? = 0
configure:5377: result: yes
configure:5377: checking for stdlib.h
configure:5377: gcc -c -g -O2  conftest.c >&5
configure:5377: $? = 0
configure:5377: result: yes
configure:5377: checking for string.h
configure:5377: gcc -c -g -O2  conftest.c >&5
configure:5377: $? = 0
configure:5377: result: yes
configure:5377: checking for memory.h
configure:5377: gcc -c -g -O2  conftest.c >&5
configure:5377: $? = 0
configure:5377: result: yes
configure:5377: checking for strings.h
configure:5377: gcc -c -g -O2  conftest.c >&5
configure:5377: $? = 0
configure:5377: result: yes
configure:5377: checking for inttypes.h
configure:5377: gcc -c -g -O2  conftest.c >&5
configure:5377: $? = 0
configure:5377: result: yes
configure:5377: checking for stdint.h
configure:5377: gcc -c -g -O2  conftest.c >&5
configure:5377: $? = 0
configure:5377: result: yes
configure:5377: checking for unistd.h
configure:5377: gcc -c -g -O2  conftest.c >&5
configure:5377: $? = 0
configure:5377: result: yes
configure:5391: checking dlfcn.h usability
configure:5391: gcc -c -g -O2  conftest.c >&5
configure:5391: $? = 0
configure:5391: result: yes
configure:5391: checking dlfcn.h presence
configure:5391: gcc -E  conftest.c
configure:5391: $? = 0
configure:5391: result: yes
configure:5391: checking for dlfcn.h
configure:5391: result: yes
configure:5459: checking for g++
configure:5475: found /usr/bin/g++
configure:5486: result: g++
configure:5513: checking for C++ compiler version
configure:5522: g++ --version >&5
g++ (Ubuntu/Linaro 4.7.2-2ubuntu1) 4.7.2
Copyright (C) 2012 Free Software Foundation, Inc.
This is free software; see the source for copying conditions.  There is NO
warranty; not even for MERCHANTABILITY or FITNESS FOR A PARTICULAR PURPOSE.

configure:5533: $? = 0
configure:5522: g++ -v >&5
Using built-in specs.
COLLECT_GCC=g++
COLLECT_LTO_WRAPPER=/usr/lib/gcc/i686-linux-gnu/4.7/lto-wrapper
Target: i686-linux-gnu
Configured with: ../src/configure -v --with-pkgversion='Ubuntu/Linaro 4.7.2-2ubuntu1' --with-bugurl=file:///usr/share/doc/gcc-4.7/README.Bugs --enable-languages=c,c++,go,fortran,objc,obj-c++ --prefix=/usr --program-suffix=-4.7 --enable-shared --enable-linker-build-id --with-system-zlib --libexecdir=/usr/lib --without-included-gettext --enable-threads=posix --with-gxx-include-dir=/usr/include/c++/4.7 --libdir=/usr/lib --enable-nls --with-sysroot=/ --enable-clocale=gnu --enable-libstdcxx-debug --enable-libstdcxx-time=yes --enable-gnu-unique-object --enable-plugin --enable-objc-gc --enable-targets=all --disable-werror --with-arch-32=i686 --with-tune=generic --enable-checking=release --build=i686-linux-gnu --host=i686-linux-gnu --target=i686-linux-gnu
Thread model: posix
gcc version 4.7.2 (Ubuntu/Linaro 4.7.2-2ubuntu1) 
configure:5533: $? = 0
configure:5522: g++ -V >&5
g++: error: unrecognized command line option '-V'
g++: fatal error: no input files
compilation terminated.
configure:5533: $? = 4
configure:5522: g++ -qversion >&5
g++: error: unrecognized command line option '-qversion'
g++: fatal error: no input files
compilation terminated.
configure:5533: $? = 4
configure:5537: checking whether we are using the GNU C++ compiler
configure:5556: g++ -c   conftest.cpp >&5
configure:5556: $? = 0
configure:5565: result: yes
configure:5574: checking whether g++ accepts -g
configure:5594: g++ -c -g  conftest.cpp >&5
configure:5594: $? = 0
configure:5635: result: yes
configure:5660: checking dependency style of g++
configure:5745: result: gcc3
configure:5767: checking how to run the C++ preprocessor
configure:5794: g++ -E  conftest.cpp
configure:5794: $? = 0
configure:5808: g++ -E  conftest.cpp
conftest.cpp:27:28: fatal error: ac_nonexistent.h: No such file or directory
compilation terminated.
configure:5808: $? = 1
configure: failed program was:
| /* confdefs.h */
| #define PACKAGE_NAME "libusb"
| #define PACKAGE_TARNAME "libusb"
| #define PACKAGE_VERSION "0.1.12"
| #define PACKAGE_STRING "libusb 0.1.12"
| #define PACKAGE_BUGREPORT ""
| #define PACKAGE_URL ""
| #define PACKAGE "libusb"
| #define VERSION "0.1.12"
| #define LIBUSB_MAJOR_VERSION 0
| #define LIBUSB_MINOR_VERSION 1
| #define LIBUSB_MICRO_VERSION 12
| #define LIBUSB_INTERFACE_AGE 4
| #define LIBUSB_BINARY_AGE 8
| #define STDC_HEADERS 1
| #define HAVE_SYS_TYPES_H 1
| #define HAVE_SYS_STAT_H 1
| #define HAVE_STDLIB_H 1
| #define HAVE_STRING_H 1
| #define HAVE_MEMORY_H 1
| #define HAVE_STRINGS_H 1
| #define HAVE_INTTYPES_H 1
| #define HAVE_STDINT_H 1
| #define HAVE_UNISTD_H 1
| #define HAVE_DLFCN_H 1
| /* end confdefs.h.  */
| #include <ac_nonexistent.h>
configure:5833: result: g++ -E
configure:5853: g++ -E  conftest.cpp
configure:5853: $? = 0
configure:5867: g++ -E  conftest.cpp
conftest.cpp:27:28: fatal error: ac_nonexistent.h: No such file or directory
compilation terminated.
configure:5867: $? = 1
configure: failed program was:
| /* confdefs.h */
| #define PACKAGE_NAME "libusb"
| #define PACKAGE_TARNAME "libusb"
| #define PACKAGE_VERSION "0.1.12"
| #define PACKAGE_STRING "libusb 0.1.12"
| #define PACKAGE_BUGREPORT ""
| #define PACKAGE_URL ""
| #define PACKAGE "libusb"
| #define VERSION "0.1.12"
| #define LIBUSB_MAJOR_VERSION 0
| #define LIBUSB_MINOR_VERSION 1
| #define LIBUSB_MICRO_VERSION 12
| #define LIBUSB_INTERFACE_AGE 4
| #define LIBUSB_BINARY_AGE 8
| #define STDC_HEADERS 1
| #define HAVE_SYS_TYPES_H 1
| #define HAVE_SYS_STAT_H 1
| #define HAVE_STDLIB_H 1
| #define HAVE_STRING_H 1
| #define HAVE_MEMORY_H 1
| #define HAVE_STRINGS_H 1
| #define HAVE_INTTYPES_H 1
| #define HAVE_STDINT_H 1
| #define HAVE_UNISTD_H 1
| #define HAVE_DLFCN_H 1
| /* end confdefs.h.  */
| #include <ac_nonexistent.h>
configure:5949: checking for g77
configure:5979: result: no
configure:5949: checking for xlf
configure:5979: result: no
configure:5949: checking for f77
configure:5979: result: no
configure:5949: checking for frt
configure:5979: result: no
configure:5949: checking for pgf77
configure:5979: result: no
configure:5949: checking for cf77
configure:5979: result: no
configure:5949: checking for fort77
configure:5979: result: no
configure:5949: checking for fl32
configure:5979: result: no
configure:5949: checking for af77
configure:5979: result: no
configure:5949: checking for xlf90
configure:5979: result: no
configure:5949: checking for f90
configure:5979: result: no
configure:5949: checking for pgf90
configure:5979: result: no
configure:5949: checking for pghpf
configure:5979: result: no
configure:5949: checking for epcf90
configure:5979: result: no
configure:5949: checking for gfortran
configure:5979: result: no
configure:5949: checking for g95
configure:5979: result: no
configure:5949: checking for xlf95
configure:5979: result: no
configure:5949: checking for f95
configure:5979: result: no
configure:5949: checking for fort
configure:5979: result: no
configure:5949: checking for ifort
configure:5979: result: no
configure:5949: checking for ifc
configure:5979: result: no
configure:5949: checking for efc
configure:5979: result: no
configure:5949: checking for pgfortran
configure:5979: result: no
configure:5949: checking for pgf95
configure:5979: result: no
configure:5949: checking for lf95
configure:5979: result: no
configure:5949: checking for ftn
configure:5979: result: no
configure:5949: checking for nagfor
configure:5979: result: no
configure:6002: checking for Fortran 77 compiler version
configure:6011:  --version >&5
./configure: line 6013: --version: command not found
configure:6022: $? = 127
configure:6011:  -v >&5
./configure: line 6013: -v: command not found
configure:6022: $? = 127
configure:6011:  -V >&5
./configure: line 6013: -V: command not found
configure:6022: $? = 127
configure:6011:  -qversion >&5
./configure: line 6013: -qversion: command not found
configure:6022: $? = 127
configure:6031: checking whether we are using the GNU Fortran 77 compiler
configure:6044:  -c  conftest.F >&5
./configure: line 2220: -c: command not found
configure:6044: $? = 127
configure: failed program was:
|       program main
| #ifndef __GNUC__
|        choke me
| #endif
| 
|       end
configure:6053: result: no
configure:6059: checking whether  accepts -g
configure:6070:  -c -g conftest.f >&5
./configure: line 2220: -c: command not found
configure:6070: $? = 127
configure: failed program was:
|       program main
| 
|       end
configure:6078: result: no
configure:6112: checking the maximum length of command line arguments
configure:6177: result: 32768
configure:6188: checking command to parse /usr/bin/nm -B output from gcc object
configure:6277: gcc -c -g -O2  conftest.c >&5
configure:6280: $? = 0
configure:6284: /usr/bin/nm -B conftest.o \| sed -n -e 's/^.*[ 	]\([ABCDGIRSTW][ABCDGIRSTW]*\)[ 	][ 	]*\(\)\([_A-Za-z][_A-Za-z0-9]*\)$/\1 \2\3 \3/p' \> conftest.nm
configure:6287: $? = 0
configure:6339: gcc -o conftest -g -O2   conftest.c conftstm.o >&5
configure:6342: $? = 0
configure:6380: result: ok
configure:6384: checking for objdir
configure:6399: result: .libs
configure:6491: checking for ar
configure:6507: found /usr/bin/ar
configure:6518: result: ar
configure:6583: checking for ranlib
configure:6599: found /usr/bin/ranlib
configure:6610: result: ranlib
configure:6675: checking for strip
configure:6691: found /usr/bin/strip
configure:6702: result: strip
configure:6974: checking if gcc static flag  works
configure:6997: result: yes
configure:7015: checking if gcc supports -fno-rtti -fno-exceptions
configure:7033: gcc -c -g -O2  -fno-rtti -fno-exceptions conftest.c >&5
cc1: warning: command line option '-fno-rtti' is valid for C++/ObjC++ but not for C [enabled by default]
configure:7037: $? = 0
configure:7048: result: no
configure:7063: checking for gcc option to produce PIC
configure:7240: result: -fPIC
configure:7248: checking if gcc PIC flag -fPIC works
configure:7266: gcc -c -g -O2  -fPIC -DPIC conftest.c >&5
configure:7270: $? = 0
configure:7281: result: yes
configure:7305: checking if gcc supports -c -o file.o
configure:7326: gcc -c -g -O2  -o out/conftest2.o conftest.c >&5
configure:7330: $? = 0
configure:7350: result: yes
configure:7376: checking whether the gcc linker (/usr/bin/ld) supports shared libraries
configure:8166: result: yes
configure:8192: checking whether -lc should be explicitly linked in
configure:8197: gcc -c -g -O2  conftest.c >&5
configure:8200: $? = 0
configure:8214: gcc -shared conftest.o  -v -Wl,-soname -Wl,conftest -o conftest 2\>\&1 \| grep  -lc  \>/dev/null 2\>\&1
configure:8217: $? = 0
configure:8229: result: no
configure:8237: checking dynamic linker characteristics
configure:8798: result: GNU/Linux ld.so
configure:8802: checking how to hardcode library paths into programs
configure:8827: result: immediate
configure:8841: checking whether stripping libraries is possible
configure:8846: result: yes
configure:9358: checking if libtool supports shared libraries
configure:9360: result: yes
configure:9363: checking whether to build shared libraries
configure:9421: result: yes
configure:9424: checking whether to build static libraries
configure:9428: result: yes
configure:9520: creating libtool
configure:10063: checking for ld used by g++
configure:10130: result: /usr/bin/ld
configure:10137: checking if the linker (/usr/bin/ld) is GNU ld
configure:10152: result: yes
configure:10203: checking whether the g++ linker (/usr/bin/ld) supports shared libraries
configure:10973: result: yes
configure:10991: g++ -c -g -O2  conftest.cc >&5
configure:10994: $? = 0
configure:11090: checking for g++ option to produce PIC
configure:11342: result: -fPIC
configure:11350: checking if g++ PIC flag -fPIC works
configure:11368: g++ -c -g -O2  -fPIC -DPIC conftest.cc >&5
configure:11372: $? = 0
configure:11383: result: yes
configure:11407: checking if g++ supports -c -o file.o
configure:11428: g++ -c -g -O2  -o out/conftest2.o conftest.cc >&5
configure:11432: $? = 0
configure:11452: result: yes
configure:11478: checking whether the g++ linker (/usr/bin/ld) supports shared libraries
configure:11503: result: yes
configure:11574: checking dynamic linker characteristics
configure:12135: result: GNU/Linux ld.so
configure:12139: checking how to hardcode library paths into programs
configure:12164: result: immediate
configure:12178: checking whether stripping libraries is possible
configure:12183: result: yes
configure:18716: checking for what USB OS support
configure:18728: result: Linux
configure:18875: checking for gcc
configure:18902: result: gcc
configure:19131: checking for C compiler version
configure:19140: gcc --version >&5
gcc (Ubuntu/Linaro 4.7.2-2ubuntu1) 4.7.2
Copyright (C) 2012 Free Software Foundation, Inc.
This is free software; see the source for copying conditions.  There is NO
warranty; not even for MERCHANTABILITY or FITNESS FOR A PARTICULAR PURPOSE.

configure:19151: $? = 0
configure:19140: gcc -v >&5
Using built-in specs.
COLLECT_GCC=gcc
COLLECT_LTO_WRAPPER=/usr/lib/gcc/i686-linux-gnu/4.7/lto-wrapper
Target: i686-linux-gnu
Configured with: ../src/configure -v --with-pkgversion='Ubuntu/Linaro 4.7.2-2ubuntu1' --with-bugurl=file:///usr/share/doc/gcc-4.7/README.Bugs --enable-languages=c,c++,go,fortran,objc,obj-c++ --prefix=/usr --program-suffix=-4.7 --enable-shared --enable-linker-build-id --with-system-zlib --libexecdir=/usr/lib --without-included-gettext --enable-threads=posix --with-gxx-include-dir=/usr/include/c++/4.7 --libdir=/usr/lib --enable-nls --with-sysroot=/ --enable-clocale=gnu --enable-libstdcxx-debug --enable-libstdcxx-time=yes --enable-gnu-unique-object --enable-plugin --enable-objc-gc --enable-targets=all --disable-werror --with-arch-32=i686 --with-tune=generic --enable-checking=release --build=i686-linux-gnu --host=i686-linux-gnu --target=i686-linux-gnu
Thread model: posix
gcc version 4.7.2 (Ubuntu/Linaro 4.7.2-2ubuntu1) 
configure:19151: $? = 0
configure:19140: gcc -V >&5
gcc: error: unrecognized command line option '-V'
gcc: fatal error: no input files
compilation terminated.
configure:19151: $? = 4
configure:19140: gcc -qversion >&5
gcc: error: unrecognized command line option '-qversion'
gcc: fatal error: no input files
compilation terminated.
configure:19151: $? = 4
configure:19155: checking whether we are using the GNU C compiler
configure:19183: result: yes
configure:19192: checking whether gcc accepts -g
configure:19253: result: yes
configure:19270: checking for gcc option to accept ISO C89
configure:19346: result: none needed
configure:19368: checking dependency style of gcc
configure:19453: result: gcc3
configure:19471: checking whether gcc and cc understand -c and -o together
configure:19502: gcc -c conftest.cpp -o conftest2.o >&5
configure:19506: $? = 0
configure:19512: gcc -c conftest.cpp -o conftest2.o >&5
configure:19516: $? = 0
configure:19527: cc -c conftest.cpp >&5
configure:19531: $? = 0
configure:19539: cc -c conftest.cpp -o conftest2.o >&5
configure:19543: $? = 0
configure:19549: cc -c conftest.cpp -o conftest2.o >&5
configure:19553: $? = 0
configure:19571: result: yes
configure:19605: checking for ANSI C header files
configure:19709: result: yes
configure:19721: checking for vprintf
configure:19721: g++ -o conftest -g -O2   conftest.cpp  >&5
configure:19721: $? = 0
configure:19721: result: yes
configure:19727: checking for _doprnt
configure:19727: g++ -o conftest -g -O2   conftest.cpp  >&5
/tmp/ccVDTgZP.o: In function `main':
/srv/Linux_C_Test_Examples/Dnw/libusb-0.1.12/conftest.cpp:66: undefined reference to `_doprnt'
collect2: error: ld returned 1 exit status
configure:19727: $? = 1
configure: failed program was:
| /* confdefs.h */
| #define PACKAGE_NAME "libusb"
| #define PACKAGE_TARNAME "libusb"
| #define PACKAGE_VERSION "0.1.12"
| #define PACKAGE_STRING "libusb 0.1.12"
| #define PACKAGE_BUGREPORT ""
| #define PACKAGE_URL ""
| #define PACKAGE "libusb"
| #define VERSION "0.1.12"
| #define LIBUSB_MAJOR_VERSION 0
| #define LIBUSB_MINOR_VERSION 1
| #define LIBUSB_MICRO_VERSION 12
| #define LIBUSB_INTERFACE_AGE 4
| #define LIBUSB_BINARY_AGE 8
| #define STDC_HEADERS 1
| #define HAVE_SYS_TYPES_H 1
| #define HAVE_SYS_STAT_H 1
| #define HAVE_STDLIB_H 1
| #define HAVE_STRING_H 1
| #define HAVE_MEMORY_H 1
| #define HAVE_STRINGS_H 1
| #define HAVE_INTTYPES_H 1
| #define HAVE_STDINT_H 1
| #define HAVE_UNISTD_H 1
| #define HAVE_DLFCN_H 1
| #define LINUX_API 1
| #define BSD_API 0
| #define DARWIN_API 0
| #define STDC_HEADERS 1
| #define HAVE_VPRINTF 1
| /* end confdefs.h.  */
| /* Define _doprnt to an innocuous variant, in case <limits.h> declares _doprnt.
|    For example, HP-UX 11i <limits.h> declares gettimeofday.  */
| #define _doprnt innocuous__doprnt
| 
| /* System header to define __stub macros and hopefully few prototypes,
|     which can conflict with char _doprnt (); below.
|     Prefer <limits.h> to <assert.h> if __STDC__ is defined, since
|     <limits.h> exists even on freestanding compilers.  */
| 
| #ifdef __STDC__
| # include <limits.h>
| #else
| # include <assert.h>
| #endif
| 
| #undef _doprnt
| 
| /* Override any GCC internal prototype to avoid an error.
|    Use char because int might match the return type of a GCC
|    builtin and then its argument prototype would still apply.  */
| #ifdef __cplusplus
| extern "C"
| #endif
| char _doprnt ();
| /* The GNU C library defines this for functions which it implements
|     to always fail with ENOSYS.  Some functions are actually named
|     something starting with __ and the normal name is an alias.  */
| #if defined __stub__doprnt || defined __stub____doprnt
| choke me
| #endif
| 
| int
| main ()
| {
| return _doprnt ();
|   ;
|   return 0;
| }
configure:19727: result: no
configure:19739: checking for an ANSI C-conforming const
configure:19805: g++ -c -g -O2  conftest.cpp >&5
configure:19805: $? = 0
configure:19812: result: yes
configure:19821: checking whether byte ordering is bigendian
configure:19836: g++ -c -g -O2  conftest.cpp >&5
conftest.cpp:33:9: error: expected unqualified-id before 'not' token
configure:19836: $? = 1
configure: failed program was:
| /* confdefs.h */
| #define PACKAGE_NAME "libusb"
| #define PACKAGE_TARNAME "libusb"
| #define PACKAGE_VERSION "0.1.12"
| #define PACKAGE_STRING "libusb 0.1.12"
| #define PACKAGE_BUGREPORT ""
| #define PACKAGE_URL ""
| #define PACKAGE "libusb"
| #define VERSION "0.1.12"
| #define LIBUSB_MAJOR_VERSION 0
| #define LIBUSB_MINOR_VERSION 1
| #define LIBUSB_MICRO_VERSION 12
| #define LIBUSB_INTERFACE_AGE 4
| #define LIBUSB_BINARY_AGE 8
| #define STDC_HEADERS 1
| #define HAVE_SYS_TYPES_H 1
| #define HAVE_SYS_STAT_H 1
| #define HAVE_STDLIB_H 1
| #define HAVE_STRING_H 1
| #define HAVE_MEMORY_H 1
| #define HAVE_STRINGS_H 1
| #define HAVE_INTTYPES_H 1
| #define HAVE_STDINT_H 1
| #define HAVE_UNISTD_H 1
| #define HAVE_DLFCN_H 1
| #define LINUX_API 1
| #define BSD_API 0
| #define DARWIN_API 0
| #define STDC_HEADERS 1
| #define HAVE_VPRINTF 1
| /* end confdefs.h.  */
| #ifndef __APPLE_CC__
| 	       not a universal capable compiler
| 	     #endif
| 	     typedef int dummy;
| 
configure:19881: g++ -c -g -O2  conftest.cpp >&5
configure:19881: $? = 0
configure:19899: g++ -c -g -O2  conftest.cpp >&5
conftest.cpp: In function 'int main()':
conftest.cpp:39:8: error: 'big' was not declared in this scope
conftest.cpp:39:12: error: expected ';' before 'endian'
configure:19899: $? = 1
configure: failed program was:
| /* confdefs.h */
| #define PACKAGE_NAME "libusb"
| #define PACKAGE_TARNAME "libusb"
| #define PACKAGE_VERSION "0.1.12"
| #define PACKAGE_STRING "libusb 0.1.12"
| #define PACKAGE_BUGREPORT ""
| #define PACKAGE_URL ""
| #define PACKAGE "libusb"
| #define VERSION "0.1.12"
| #define LIBUSB_MAJOR_VERSION 0
| #define LIBUSB_MINOR_VERSION 1
| #define LIBUSB_MICRO_VERSION 12
| #define LIBUSB_INTERFACE_AGE 4
| #define LIBUSB_BINARY_AGE 8
| #define STDC_HEADERS 1
| #define HAVE_SYS_TYPES_H 1
| #define HAVE_SYS_STAT_H 1
| #define HAVE_STDLIB_H 1
| #define HAVE_STRING_H 1
| #define HAVE_MEMORY_H 1
| #define HAVE_STRINGS_H 1
| #define HAVE_INTTYPES_H 1
| #define HAVE_STDINT_H 1
| #define HAVE_UNISTD_H 1
| #define HAVE_DLFCN_H 1
| #define LINUX_API 1
| #define BSD_API 0
| #define DARWIN_API 0
| #define STDC_HEADERS 1
| #define HAVE_VPRINTF 1
| /* end confdefs.h.  */
| #include <sys/types.h>
| 		#include <sys/param.h>
| 
| int
| main ()
| {
| #if BYTE_ORDER != BIG_ENDIAN
| 		 not big endian
| 		#endif
| 
|   ;
|   return 0;
| }
configure:20027: result: no
configure:20055: checking limits.h usability
configure:20055: g++ -c -g -O2  conftest.cpp >&5
configure:20055: $? = 0
configure:20055: result: yes
configure:20055: checking limits.h presence
configure:20055: g++ -E  conftest.cpp
configure:20055: $? = 0
configure:20055: result: yes
configure:20055: checking for limits.h
configure:20055: result: yes
configure:20070: checking for unistd.h
configure:20070: result: yes
configure:20085: checking values.h usability
configure:20085: g++ -c -g -O2  conftest.cpp >&5
configure:20085: $? = 0
configure:20085: result: yes
configure:20085: checking values.h presence
configure:20085: g++ -E  conftest.cpp
configure:20085: $? = 0
configure:20085: result: yes
configure:20085: checking for values.h
configure:20085: result: yes
configure:20102: checking for memmove
configure:20102: g++ -o conftest -g -O2   conftest.cpp  >&5
configure:20102: $? = 0
configure:20102: result: yes
configure:20159: checking for pkg-config
configure:20177: found /usr/bin/pkg-config
configure:20189: result: /usr/bin/pkg-config
configure:20207: checking if we should build the documentation
configure:20216: result: auto
configure:20222: checking for jade
configure:20238: found /usr/bin/jade
configure:20249: result: jade
configure:20299: checking for Doxygen tools
configure:20303: checking for dot
configure:20350: result: not found
configure:20368: checking for doxygen
configure:20415: result: not found
configure:20609: creating ./config.status

## ---------------- ##
## Cache variables. ##
## ---------------- ##

ac_cv_build=i686-pc-linux-gnu
ac_cv_c_bigendian=no
ac_cv_c_compiler_gnu=yes
ac_cv_c_const=yes
ac_cv_cxx_compiler_gnu=yes
ac_cv_env_CCC_set=
ac_cv_env_CCC_value=
ac_cv_env_CC_set=
ac_cv_env_CC_value=
ac_cv_env_CFLAGS_set=
ac_cv_env_CFLAGS_value=
ac_cv_env_CPPFLAGS_set=
ac_cv_env_CPPFLAGS_value=
ac_cv_env_CPP_set=
ac_cv_env_CPP_value=
ac_cv_env_CXXCPP_set=
ac_cv_env_CXXCPP_value=
ac_cv_env_CXXFLAGS_set=
ac_cv_env_CXXFLAGS_value=
ac_cv_env_CXX_set=
ac_cv_env_CXX_value=
ac_cv_env_F77_set=
ac_cv_env_F77_value=
ac_cv_env_FFLAGS_set=
ac_cv_env_FFLAGS_value=
ac_cv_env_LDFLAGS_set=
ac_cv_env_LDFLAGS_value=
ac_cv_env_LIBS_set=
ac_cv_env_LIBS_value=
ac_cv_env_build_alias_set=
ac_cv_env_build_alias_value=
ac_cv_env_host_alias_set=
ac_cv_env_host_alias_value=
ac_cv_env_target_alias_set=
ac_cv_env_target_alias_value=
ac_cv_f77_compiler_gnu=no
ac_cv_func__doprnt=no
ac_cv_func_memmove=yes
ac_cv_func_vprintf=yes
ac_cv_header_dlfcn_h=yes
ac_cv_header_inttypes_h=yes
ac_cv_header_limits_h=yes
ac_cv_header_memory_h=yes
ac_cv_header_stdc=yes
ac_cv_header_stdint_h=yes
ac_cv_header_stdlib_h=yes
ac_cv_header_string_h=yes
ac_cv_header_strings_h=yes
ac_cv_header_sys_stat_h=yes
ac_cv_header_sys_types_h=yes
ac_cv_header_unistd_h=yes
ac_cv_header_values_h=yes
ac_cv_host=i686-pc-linux-gnu
ac_cv_objext=o
ac_cv_path_EGREP='/bin/grep -E'
ac_cv_path_GREP=/bin/grep
ac_cv_path_PKG_CONFIG=/usr/bin/pkg-config
ac_cv_path_install='/usr/bin/install -c'
ac_cv_prog_AWK=mawk
ac_cv_prog_CPP='gcc -E'
ac_cv_prog_CXXCPP='g++ -E'
ac_cv_prog_JADE=jade
ac_cv_prog_ac_ct_AR=ar
ac_cv_prog_ac_ct_CC=gcc
ac_cv_prog_ac_ct_CXX=g++
ac_cv_prog_ac_ct_RANLIB=ranlib
ac_cv_prog_ac_ct_STRIP=strip
ac_cv_prog_cc_c89=
ac_cv_prog_cc_g=yes
ac_cv_prog_cc_gcc_c_o=yes
ac_cv_prog_cxx_g=yes
ac_cv_prog_f77_g=no
ac_cv_prog_make_make_set=yes
am_cv_CC_dependencies_compiler_type=gcc3
am_cv_CXX_dependencies_compiler_type=gcc3
libusb_cv_path=NONE
libusb_cv_path_dot=NONE
libusb_cv_path_doxygen=NONE
lt_cv_deplibs_check_method=pass_all
lt_cv_file_magic_cmd='$MAGIC_CMD'
lt_cv_file_magic_test_file='/lib/libc.so* /lib/libc-*.so'
lt_cv_ld_reload_flag=-r
lt_cv_objdir=.libs
lt_cv_path_LD=/usr/bin/ld
lt_cv_path_LDCXX=/usr/bin/ld
lt_cv_path_NM='/usr/bin/nm -B'
lt_cv_path_SED=/bin/sed
lt_cv_prog_compiler_c_o=yes
lt_cv_prog_compiler_c_o_CXX=yes
lt_cv_prog_compiler_rtti_exceptions=no
lt_cv_prog_gnu_ld=yes
lt_cv_prog_gnu_ldcxx=yes
lt_cv_sys_global_symbol_pipe='sed -n -e '\''s/^.*[ 	]\([ABCDGIRSTW][ABCDGIRSTW]*\)[ 	][ 	]*\(\)\([_A-Za-z][_A-Za-z0-9]*\)$/\1 \2\3 \3/p'\'''
lt_cv_sys_global_symbol_to_c_name_address='sed -n -e '\''s/^: \([^ ]*\) $/  {\"\1\", (lt_ptr) 0},/p'\'' -e '\''s/^[BCDEGRST] \([^ ]*\) \([^ ]*\)$/  {"\2", (lt_ptr) \&\2},/p'\'''
lt_cv_sys_global_symbol_to_cdecl='sed -n -e '\''s/^. .* \(.*\)$/extern int \1;/p'\'''
lt_cv_sys_max_cmd_len=32768
lt_lt_cv_prog_compiler_c_o='"yes"'
lt_lt_cv_prog_compiler_c_o_CXX='"yes"'
lt_lt_cv_sys_global_symbol_pipe='"sed -n -e '\''s/^.*[ 	]\\([ABCDGIRSTW][ABCDGIRSTW]*\\)[ 	][ 	]*\\(\\)\\([_A-Za-z][_A-Za-z0-9]*\\)\$/\\1 \\2\\3 \\3/p'\''"'
lt_lt_cv_sys_global_symbol_to_c_name_address='"sed -n -e '\''s/^: \\([^ ]*\\) \$/  {\\\"\\1\\\", (lt_ptr) 0},/p'\'' -e '\''s/^[BCDEGRST] \\([^ ]*\\) \\([^ ]*\\)\$/  {\"\\2\", (lt_ptr) \\&\\2},/p'\''"'
lt_lt_cv_sys_global_symbol_to_cdecl='"sed -n -e '\''s/^. .* \\(.*\\)\$/extern int \\1;/p'\''"'

## ----------------- ##
## Output variables. ##
## ----------------- ##

ACLOCAL='${SHELL} /srv/Linux_C_Test_Examples/Dnw/libusb-0.1.12/missing --run aclocal-1.8'
AMDEPBACKSLASH='\'
AMDEP_FALSE='#'
AMDEP_TRUE=''
AMTAR='${SHELL} /srv/Linux_C_Test_Examples/Dnw/libusb-0.1.12/missing --run tar'
AR='ar'
AUTOCONF='${SHELL} /srv/Linux_C_Test_Examples/Dnw/libusb-0.1.12/missing --run autoconf'
AUTOHEADER='${SHELL} /srv/Linux_C_Test_Examples/Dnw/libusb-0.1.12/missing --run autoheader'
AUTOMAKE='${SHELL} /srv/Linux_C_Test_Examples/Dnw/libusb-0.1.12/missing --run automake-1.8'
AWK='mawk'
BIGENDIAN='0'
BSD_API='0'
BSD_API_FALSE=''
BSD_API_TRUE='#'
BUILD_DOCS_FALSE='#'
BUILD_DOCS_TRUE=''
CC='gcc'
CCDEPMODE='depmode=gcc3'
CFLAGS='-g -O2 -g -Wall'
CPP='gcc -E'
CPPFLAGS=''
CXX='g++'
CXXCPP='g++ -E'
CXXDEPMODE='depmode=gcc3'
CXXFLAGS='-g -O2'
CYGPATH_W='echo'
DARWIN_API='0'
DARWIN_API_FALSE=''
DARWIN_API_TRUE='#'
DEFS='-DHAVE_CONFIG_H'
DEPDIR='.deps'
DOXYGEN=''
DOXYGEN_PROJECT_NAME='LIBUSB C++ API Reference'
DOXYGEN_PROJECT_NUMBER='Version 0.1.12'
ECHO='echo'
ECHO_C=''
ECHO_N='-n'
ECHO_T=''
EGREP='/bin/grep -E'
EXEEXT=''
F77=''
FFLAGS=''
GREP='/bin/grep'
INSTALL_DATA='${INSTALL} -m 644'
INSTALL_PROGRAM='${INSTALL}'
INSTALL_SCRIPT='${INSTALL}'
INSTALL_STRIP_PROGRAM='${SHELL} $(install_sh) -c -s'
JADE='jade'
LDFLAGS=''
LIBOBJS=''
LIBS=''
LIBTOOL='$(SHELL) $(top_builddir)/libtool'
LIBUSB_BINARY_AGE='8'
LIBUSB_HAS_DOXYGEN='no'
LIBUSB_HAVE_DOT='NO'
LIBUSB_INTERFACE_AGE='4'
LIBUSB_MAJOR_VERSION='0'
LIBUSB_MICRO_VERSION='12'
LIBUSB_MINOR_VERSION='1'
LIBUSB_VERSION='0.1.12'
LINUX_API='1'
LINUX_API_FALSE='#'
LINUX_API_TRUE=''
LN_S='ln -s'
LTLIBOBJS=''
LT_AGE='4'
LT_CURRENT='8'
LT_RELEASE='0.1'
LT_REVISION='4'
MAKEINFO='${SHELL} /srv/Linux_C_Test_Examples/Dnw/libusb-0.1.12/missing --run makeinfo'
OBJEXT='o'
OSLIBS=''
PACKAGE='libusb'
PACKAGE_BUGREPORT=''
PACKAGE_NAME='libusb'
PACKAGE_STRING='libusb 0.1.12'
PACKAGE_TARNAME='libusb'
PACKAGE_URL=''
PACKAGE_VERSION='0.1.12'
PATH_SEPARATOR=':'
PKG_CONFIG='/usr/bin/pkg-config'
RANLIB='ranlib'
SET_MAKE=''
SHELL='/bin/sh'
STRIP='strip'
VERSION='0.1.12'
ac_ct_CC='gcc'
ac_ct_CXX='g++'
ac_ct_F77=''
am__fastdepCC_FALSE='#'
am__fastdepCC_TRUE=''
am__fastdepCXX_FALSE='#'
am__fastdepCXX_TRUE=''
am__include='include'
am__leading_dot='.'
am__quote=''
bindir='${exec_prefix}/bin'
build='i686-pc-linux-gnu'
build_alias=''
build_cpu='i686'
build_os='linux-gnu'
build_vendor='pc'
datadir='${datarootdir}'
datarootdir='${prefix}/share'
docdir='${datarootdir}/doc/${PACKAGE_TARNAME}'
dvidir='${docdir}'
exec_prefix='${prefix}'
host='i686-pc-linux-gnu'
host_alias=''
host_cpu='i686'
host_os='linux-gnu'
host_vendor='pc'
htmldir='${docdir}'
includedir='${prefix}/include'
infodir='${datarootdir}/info'
install_sh='/srv/Linux_C_Test_Examples/Dnw/libusb-0.1.12/install-sh'
libdir='${exec_prefix}/lib'
libexecdir='${exec_prefix}/libexec'
localedir='${datarootdir}/locale'
localstatedir='${prefix}/var'
mandir='${datarootdir}/man'
mkdir_p='mkdir -p -- .'
oldincludedir='/usr/include'
pdfdir='${docdir}'
pkgconfigdir='${exec_prefix}/lib/pkgconfig'
prefix='/usr/local'
program_transform_name='s,x,x,'
psdir='${docdir}'
sbindir='${exec_prefix}/sbin'
sharedstatedir='${prefix}/com'
sysconfdir='${prefix}/etc'
target_alias=''

## ----------- ##
## confdefs.h. ##
## ----------- ##

/* confdefs.h */
#define PACKAGE_NAME "libusb"
#define PACKAGE_TARNAME "libusb"
#define PACKAGE_VERSION "0.1.12"
#define PACKAGE_STRING "libusb 0.1.12"
#define PACKAGE_BUGREPORT ""
#define PACKAGE_URL ""
#define PACKAGE "libusb"
#define VERSION "0.1.12"
#define LIBUSB_MAJOR_VERSION 0
#define LIBUSB_MINOR_VERSION 1
#define LIBUSB_MICRO_VERSION 12
#define LIBUSB_INTERFACE_AGE 4
#define LIBUSB_BINARY_AGE 8
#define STDC_HEADERS 1
#define HAVE_SYS_TYPES_H 1
#define HAVE_SYS_STAT_H 1
#define HAVE_STDLIB_H 1
#define HAVE_STRING_H 1
#define HAVE_MEMORY_H 1
#define HAVE_STRINGS_H 1
#define HAVE_INTTYPES_H 1
#define HAVE_STDINT_H 1
#define HAVE_UNISTD_H 1
#define HAVE_DLFCN_H 1
#define LINUX_API 1
#define BSD_API 0
#define DARWIN_API 0
#define STDC_HEADERS 1
#define HAVE_VPRINTF 1
#define HAVE_LIMITS_H 1
#define HAVE_LIMITS_H 1
#define HAVE_UNISTD_H 1
#define HAVE_UNISTD_H 1
#define HAVE_VALUES_H 1
#define HAVE_VALUES_H 1
#define HAVE_MEMMOVE 1

configure: exit 0

## ---------------------- ##
## Running config.status. ##
## ---------------------- ##

This file was extended by libusb config.status 0.1.12, which was
generated by GNU Autoconf 2.69.  Invocation command line was

  CONFIG_FILES    = 
  CONFIG_HEADERS  = 
  CONFIG_LINKS    = 
  CONFIG_COMMANDS = 
  $ ./config.status 

on txgcwm

config.status:923: creating Makefile
config.status:1026: WARNING:  'Makefile.in' seems to ignore the --datarootdir setting
config.status:923: creating doc/Makefile
config.status:1026: WARNING:  'doc/Makefile.in' seems to ignore the --datarootdir setting
config.status:923: creating libusb.spec
config.status:923: creating libusb-config
config.status:923: creating libusb.pc
config.status:923: creating tests/Makefile
config.status:1026: WARNING:  'tests/Makefile.in' seems to ignore the --datarootdir setting
config.status:923: creating README
config.status:923: creating INSTALL.libusb
config.status:923: creating usb.h
config.status:923: creating Doxyfile
config.status:923: creating config.h
config.status:1145: executing depfiles commands
config.status:1145: executing default commands

## ---------------------- ##
## Running config.status. ##
## ---------------------- ##

This file was extended by libusb config.status 0.1.12, which was
generated by GNU Autoconf 2.69.  Invocation command line was

  CONFIG_FILES    = 
  CONFIG_HEADERS  = 
  CONFIG_LINKS    = 
  CONFIG_COMMANDS = 
  $ ./config.status config.h

on txgcwm

config.status:: creating config.h
